[0705/181542.844:ERROR:process_memory_win.cc(73)] ReadMemory at 0x7ff78b4a0000 of 64 bytes failed: Only part of a ReadProcessMemory or WriteProcessMemory request was completed. (0x12B)
[0705/181542.844:WARNING:pe_image_reader.cc(340)] could not read dos header from C:\Program Files (x86)\Google\Chrome\Application\chrome.exe
[0705/181542.844:ERROR:process_memory_win.cc(73)] ReadMemory at 0x7ffa9e900000 of 64 bytes failed: Only part of a ReadProcessMemory or WriteProcessMemory request was completed. (0x12B)
[0705/181542.844:WARNING:pe_image_reader.cc(340)] could not read dos header from C:\WINDOWS\SYSTEM32\ntdll.dll
[0705/181542.844:ERROR:process_memory_win.cc(73)] ReadMemory at 0x7ffa9dba0000 of 64 bytes failed: Only part of a ReadProcessMemory or WriteProcessMemory request was completed. (0x12B)
[0705/181542.846:WARNING:pe_image_reader.cc(340)] could not read dos header from C:\WINDOWS\System32\KERNEL32.DLL
[0705/181542.846:ERROR:process_memory_win.cc(73)] ReadMemory at 0x7ffa9b890000 of 64 bytes failed: Only part of a ReadProcessMemory or WriteProcessMemory request was completed. (0x12B)
[0705/181542.846:WARNING:pe_image_reader.cc(340)] could not read dos header from C:\WINDOWS\System32\KERNELBASE.dll
[0705/181542.846:ERROR:process_memory_win.cc(73)] ReadMemory at 0x7ffa79b00000 of 64 bytes failed: Only part of a ReadProcessMemory or WriteProcessMemory request was completed. (0x12B)
[0705/181542.846:WARNING:pe_image_reader.cc(340)] could not read dos header from C:\Program Files (x86)\Google\Chrome\Application\83.0.4103.116\chrome_elf.dll
[0705/181542.847:ERROR:process_memory_win.cc(73)] ReadMemory at 0x7ffa94840000 of 64 bytes failed: Only part of a ReadProcessMemory or WriteProcessMemory request was completed. (0x12B)
[0705/181542.847:WARNING:pe_image_reader.cc(340)] could not read dos header from C:\WINDOWS\SYSTEM32\VERSION.dll
[0705/181542.847:ERROR:process_memory_win.cc(73)] ReadMemory at 0x7ffa9dd40000 of 64 bytes failed: Only part of a ReadProcessMemory or WriteProcessMemory request was completed. (0x12B)
[0705/181542.847:WARNING:pe_image_reader.cc(340)] could not read dos header from C:\WINDOWS\System32\msvcrt.dll
[0705/181542.847:ERROR:process_memory_win.cc(73)] ReadMemory at 0x7ffa9c930000 of 64 bytes failed: Only part of a ReadProcessMemory or WriteProcessMemory request was completed. (0x12B)
[0705/181542.847:WARNING:pe_image_reader.cc(340)] could not read dos header from C:\WINDOWS\System32\bcryptPrimitives.dll
[0705/181542.847:ERROR:process_memory_win.cc(73)] ReadMemory at 0x7ffa9de50000 of 64 bytes failed: Only part of a ReadProcessMemory or WriteProcessMemory request was completed. (0x12B)
[0705/181542.847:WARNING:pe_image_reader.cc(340)] could not read dos header from C:\WINDOWS\System32\ADVAPI32.dll
[0705/181542.847:ERROR:process_memory_win.cc(73)] ReadMemory at 0x7ffa9d370000 of 64 bytes failed: Only part of a ReadProcessMemory or WriteProcessMemory request was completed. (0x12B)
[0705/181542.847:WARNING:pe_image_reader.cc(340)] could not read dos header from C:\WINDOWS\System32\sechost.dll
[0705/181542.847:ERROR:process_memory_win.cc(73)] ReadMemory at 0x7ffa9d660000 of 64 bytes failed: Only part of a ReadProcessMemory or WriteProcessMemory request was completed. (0x12B)
[0705/181542.847:WARNING:pe_image_reader.cc(340)] could not read dos header from C:\WINDOWS\System32\RPCRT4.dll
[0705/181542.847:ERROR:process_memory_win.cc(73)] ReadMemory at 0x7ffa379e0000 of 64 bytes failed: Only part of a ReadProcessMemory or WriteProcessMemory request was completed. (0x12B)
[0705/181542.847:WARNING:pe_image_reader.cc(340)] could not read dos header from C:\Program Files (x86)\Google\Chrome\Application\83.0.4103.116\chrome.dll
[0705/181542.847:ERROR:process_memory_win.cc(73)] ReadMemory at 0x7ffa9dde0000 of 64 bytes failed: Only part of a ReadProcessMemory or WriteProcessMemory request was completed. (0x12B)
[0705/181542.847:WARNING:pe_image_reader.cc(340)] could not read dos header from C:\WINDOWS\System32\WS2_32.dll
[0705/181542.847:ERROR:process_memory_win.cc(73)] ReadMemory at 0x7ffa9df00000 of 64 bytes failed: Only part of a ReadProcessMemory or WriteProcessMemory request was completed. (0x12B)
[0705/181542.847:WARNING:pe_image_reader.cc(340)] could not read dos header from C:\WINDOWS\System32\OLEAUT32.dll
[0705/181542.847:ERROR:process_memory_win.cc(73)] ReadMemory at 0x7ffa9c6c0000 of 64 bytes failed: Only part of a ReadProcessMemory or WriteProcessMemory request was completed. (0x12B)
[0705/181542.847:WARNING:pe_image_reader.cc(340)] could not read dos header from C:\WINDOWS\System32\msvcp_win.dll
[0705/181542.847:ERROR:process_memory_win.cc(73)] ReadMemory at 0x7ffa9bb40000 of 64 bytes failed: Only part of a ReadProcessMemory or WriteProcessMemory request was completed. (0x12B)
[0705/181542.848:WARNING:pe_image_reader.cc(340)] could not read dos header from C:\WINDOWS\System32\ucrtbase.dll
[0705/181542.848:ERROR:process_memory_win.cc(73)] ReadMemory at 0x7ffa9d800000 of 64 bytes failed: Only part of a ReadProcessMemory or WriteProcessMemory request was completed. (0x12B)
[0705/181542.848:WARNING:pe_image_reader.cc(340)] could not read dos header from C:\WINDOWS\System32\combase.dll
[0705/181542.848:ERROR:process_memory_win.cc(73)] ReadMemory at 0x7ffa9c8d0000 of 64 bytes failed: Only part of a ReadProcessMemory or WriteProcessMemory request was completed. (0x12B)
[0705/181542.848:WARNING:pe_image_reader.cc(340)] could not read dos header from C:\WINDOWS\System32\WINTRUST.dll
[0705/181542.848:ERROR:process_memory_win.cc(73)] ReadMemory at 0x7ffa9b870000 of 64 bytes failed: Only part of a ReadProcessMemory or WriteProcessMemory request was completed. (0x12B)
[0705/181542.848:WARNING:pe_image_reader.cc(340)] could not read dos header from C:\WINDOWS\System32\MSASN1.dll
[0705/181542.848:ERROR:process_memory_win.cc(73)] ReadMemory at 0x7ffa9c780000 of 64 bytes failed: Only part of a ReadProcessMemory or WriteProcessMemory request was completed. (0x12B)
[0705/181542.848:WARNING:pe_image_reader.cc(340)] could not read dos header from C:\WINDOWS\System32\CRYPT32.dll
[0705/181542.848:ERROR:process_memory_win.cc(73)] ReadMemory at 0x7ffa9ace0000 of 64 bytes failed: Only part of a ReadProcessMemory or WriteProcessMemory request was completed. (0x12B)
[0705/181542.848:WARNING:pe_image_reader.cc(340)] could not read dos header from C:\WINDOWS\SYSTEM32\IPHLPAPI.DLL
[0705/181542.848:ERROR:process_memory_win.cc(73)] ReadMemory at 0x7ffa990f0000 of 64 bytes failed: Only part of a ReadProcessMemory or WriteProcessMemory request was completed. (0x12B)
[0705/181542.848:WARNING:pe_image_reader.cc(340)] could not read dos header from C:\WINDOWS\SYSTEM32\WINMM.dll
[0705/181542.848:ERROR:process_memory_win.cc(73)] ReadMemory at 0x7ffa88970000 of 64 bytes failed: Only part of a ReadProcessMemory or WriteProcessMemory request was completed. (0x12B)
[0705/181542.848:WARNING:pe_image_reader.cc(340)] could not read dos header from C:\WINDOWS\SYSTEM32\Secur32.dll
[0705/181542.848:ERROR:process_memory_win.cc(73)] ReadMemory at 0x7ffa9b6e0000 of 64 bytes failed: Only part of a ReadProcessMemory or WriteProcessMemory request was completed. (0x12B)
[0705/181542.848:WARNING:pe_image_reader.cc(340)] could not read dos header from C:\WINDOWS\SYSTEM32\USERENV.dll
[0705/181542.848:ERROR:process_memory_win.cc(73)] ReadMemory at 0x7ffa9b840000 of 64 bytes failed: Only part of a ReadProcessMemory or WriteProcessMemory request was completed. (0x12B)
[0705/181542.848:WARNING:pe_image_reader.cc(340)] could not read dos header from C:\WINDOWS\System32\profapi.dll
[0705/181542.848:ERROR:process_memory_win.cc(73)] ReadMemory at 0x7ffa70700000 of 64 bytes failed: Only part of a ReadProcessMemory or WriteProcessMemory request was completed. (0x12B)
[0705/181542.848:WARNING:pe_image_reader.cc(340)] could not read dos header from C:\WINDOWS\SYSTEM32\UIAutomationCore.DLL
[0705/181542.848:ERROR:process_memory_win.cc(73)] ReadMemory at 0x7ffa88c90000 of 64 bytes failed: Only part of a ReadProcessMemory or WriteProcessMemory request was completed. (0x12B)
[0705/181542.849:WARNING:pe_image_reader.cc(340)] could not read dos header from C:\WINDOWS\SYSTEM32\DWrite.dll
[0705/181542.849:ERROR:process_memory_win.cc(73)] ReadMemory at 0x7ffa91480000 of 64 bytes failed: Only part of a ReadProcessMemory or WriteProcessMemory request was completed. (0x12B)
[0705/181542.849:WARNING:pe_image_reader.cc(340)] could not read dos header from C:\WINDOWS\SYSTEM32\WINSPOOL.DRV
[0705/181542.849:ERROR:process_memory_win.cc(73)] ReadMemory at 0x7ffa9b7d0000 of 64 bytes failed: Only part of a ReadProcessMemory or WriteProcessMemory request was completed. (0x12B)
[0705/181542.849:WARNING:pe_image_reader.cc(340)] could not read dos header from C:\WINDOWS\System32\kernel.appcore.dll
[0705/181542.849:ERROR:process_memory_win.cc(73)] ReadMemory at 0x7ffa9c660000 of 64 bytes failed: Only part of a ReadProcessMemory or WriteProcessMemory request was completed. (0x12B)
[0705/181542.849:WARNING:pe_image_reader.cc(340)] could not read dos header from C:\WINDOWS\System32\bcrypt.dll
[0705/181542.849:ERROR:process_memory_win.cc(73)] ReadMemory at 0x7ffa9a1a0000 of 64 bytes failed: Only part of a ReadProcessMemory or WriteProcessMemory request was completed. (0x12B)
[0705/181542.849:WARNING:pe_image_reader.cc(340)] could not read dos header from C:\WINDOWS\SYSTEM32\dbghelp.dll
[0705/181542.849:ERROR:process_memory_win.cc(73)] ReadMemory at 0x7ffa91cf0000 of 64 bytes failed: Only part of a ReadProcessMemory or WriteProcessMemory request was completed. (0x12B)
[0705/181542.849:WARNING:pe_image_reader.cc(340)] could not read dos header from C:\WINDOWS\SYSTEM32\WINHTTP.dll
[0705/181542.849:ERROR:process_memory_win.cc(73)] ReadMemory at 0x7ffa94c80000 of 64 bytes failed: Only part of a ReadProcessMemory or WriteProcessMemory request was completed. (0x12B)
[0705/181542.849:WARNING:pe_image_reader.cc(340)] could not read dos header from C:\WINDOWS\SYSTEM32\dhcpcsvc.DLL
[0705/181542.849:ERROR:process_memory_win.cc(73)] ReadMemory at 0x7ffa9dc60000 of 64 bytes failed: Only part of a ReadProcessMemory or WriteProcessMemory request was completed. (0x12B)
[0705/181542.849:WARNING:pe_image_reader.cc(340)] could not read dos header from C:\WINDOWS\System32\NSI.dll
[0705/181542.849:ERROR:process_memory_win.cc(73)] ReadMemory at 0x7ffa98c70000 of 64 bytes failed: Only part of a ReadProcessMemory or WriteProcessMemory request was completed. (0x12B)
[0705/181542.849:WARNING:pe_image_reader.cc(340)] could not read dos header from C:\WINDOWS\SYSTEM32\WINMMBASE.dll
[0705/181542.849:ERROR:process_memory_win.cc(73)] ReadMemory at 0x7ffa9bde0000 of 64 bytes failed: Only part of a ReadProcessMemory or WriteProcessMemory request was completed. (0x12B)
[0705/181542.850:WARNING:pe_image_reader.cc(340)] could not read dos header from C:\WINDOWS\System32\cfgmgr32.dll
[0705/181542.850:ERROR:process_memory_win.cc(73)] ReadMemory at 0x7ffa995a0000 of 64 bytes failed: Only part of a ReadProcessMemory or WriteProcessMemory request was completed. (0x12B)
[0705/181542.850:WARNING:pe_image_reader.cc(340)] could not read dos header from C:\WINDOWS\SYSTEM32\PROPSYS.dll
[0705/181542.850:ERROR:process_memory_win.cc(73)] ReadMemory at 0x7ffa9dc70000 of 64 bytes failed: Only part of a ReadProcessMemory or WriteProcessMemory request was completed. (0x12B)
[0705/181542.850:WARNING:pe_image_reader.cc(340)] could not read dos header from C:\WINDOWS\System32\shcore.dll
[0705/181542.850:ERROR:process_memory_win.cc(73)] ReadMemory at 0x7ffa9b6b0000 of 64 bytes failed: Only part of a ReadProcessMemory or WriteProcessMemory request was completed. (0x12B)
[0705/181542.850:WARNING:pe_image_reader.cc(340)] could not read dos header from C:\WINDOWS\SYSTEM32\SSPICLI.DLL
[0705/181542.850:ERROR:process_memory_win.cc(73)] ReadMemory at 0x7ffa9ca50000 of 64 bytes failed: Only part of a ReadProcessMemory or WriteProcessMemory request was completed. (0x12B)
[0705/181542.850:WARNING:pe_image_reader.cc(340)] could not read dos header from C:\WINDOWS\System32\SHELL32.dll
[0705/181542.850:ERROR:process_memory_win.cc(73)] ReadMemory at 0x7ffa9bee0000 of 64 bytes failed: Only part of a ReadProcessMemory or WriteProcessMemory request was completed. (0x12B)
[0705/181542.850:WARNING:pe_image_reader.cc(340)] could not read dos header from C:\WINDOWS\System32\windows.storage.dll
[0705/181542.850:ERROR:process_memory_win.cc(73)] ReadMemory at 0x7ffa9b7f0000 of 64 bytes failed: Only part of a ReadProcessMemory or WriteProcessMemory request was completed. (0x12B)
[0705/181542.850:WARNING:pe_image_reader.cc(340)] could not read dos header from C:\WINDOWS\System32\powrprof.dll
[0705/181542.850:ERROR:process_memory_win.cc(73)] ReadMemory at 0x7ffa9b7c0000 of 64 bytes failed: Only part of a ReadProcessMemory or WriteProcessMemory request was completed. (0x12B)
[0705/181542.850:WARNING:pe_image_reader.cc(340)] could not read dos header from C:\WINDOWS\System32\UMPDC.dll
[0705/181542.850:ERROR:process_memory_win.cc(73)] ReadMemory at 0x7ffa9db40000 of 64 bytes failed: Only part of a ReadProcessMemory or WriteProcessMemory request was completed. (0x12B)
[0705/181542.850:WARNING:pe_image_reader.cc(340)] could not read dos header from C:\WINDOWS\System32\shlwapi.dll
[0705/181542.850:ERROR:process_memory_win.cc(73)] ReadMemory at 0x7ffa9e5a0000 of 64 bytes failed: Only part of a ReadProcessMemory or WriteProcessMemory request was completed. (0x12B)
[0705/181542.850:WARNING:pe_image_reader.cc(340)] could not read dos header from C:\WINDOWS\System32\GDI32.dll
[0705/181542.851:ERROR:process_memory_win.cc(73)] ReadMemory at 0x7ffa9c690000 of 64 bytes failed: Only part of a ReadProcessMemory or WriteProcessMemory request was completed. (0x12B)
[0705/181542.851:WARNING:pe_image_reader.cc(340)] could not read dos header from C:\WINDOWS\System32\win32u.dll
[0705/181542.851:ERROR:process_memory_win.cc(73)] ReadMemory at 0x7ffa9bc40000 of 64 bytes failed: Only part of a ReadProcessMemory or WriteProcessMemory request was completed. (0x12B)
[0705/181542.851:WARNING:pe_image_reader.cc(340)] could not read dos header from C:\WINDOWS\System32\gdi32full.dll
[0705/181542.851:ERROR:process_memory_win.cc(73)] ReadMemory at 0x7ffa9e6b0000 of 64 bytes failed: Only part of a ReadProcessMemory or WriteProcessMemory request was completed. (0x12B)
[0705/181542.851:WARNING:pe_image_reader.cc(340)] could not read dos header from C:\WINDOWS\System32\USER32.dll
[0705/181542.851:ERROR:process_memory_win.cc(73)] ReadMemory at 0x7ffa9c760000 of 64 bytes failed: Only part of a ReadProcessMemory or WriteProcessMemory request was completed. (0x12B)
[0705/181542.851:WARNING:pe_image_reader.cc(340)] could not read dos header from C:\WINDOWS\System32\cryptsp.dll
[0705/181542.851:ERROR:process_memory_win.cc(73)] ReadMemory at 0x7ffa9c9c0000 of 64 bytes failed: Only part of a ReadProcessMemory or WriteProcessMemory request was completed. (0x12B)
[0705/181542.851:WARNING:pe_image_reader.cc(340)] could not read dos header from C:\WINDOWS\System32\IMM32.DLL
[0705/181542.851:ERROR:process_memory_win.cc(73)] ReadMemory at 0x7ffa9b1a0000 of 64 bytes failed: Only part of a ReadProcessMemory or WriteProcessMemory request was completed. (0x12B)
[0705/181542.851:WARNING:pe_image_reader.cc(340)] could not read dos header from C:\WINDOWS\SYSTEM32\CRYPTBASE.DLL
[0705/181542.851:ERROR:process_memory_win.cc(73)] ReadMemory at 0x7ffa97d10000 of 64 bytes failed: Only part of a ReadProcessMemory or WriteProcessMemory request was completed. (0x12B)
[0705/181542.851:WARNING:pe_image_reader.cc(340)] could not read dos header from C:\WINDOWS\system32\NLAapi.dll
[0705/181542.851:ERROR:process_memory_win.cc(73)] ReadMemory at 0x7ffa95060000 of 64 bytes failed: Only part of a ReadProcessMemory or WriteProcessMemory request was completed. (0x12B)
[0705/181542.851:WARNING:pe_image_reader.cc(340)] could not read dos header from C:\WINDOWS\SYSTEM32\dhcpcsvc6.DLL
[0705/181542.851:ERROR:process_memory_win.cc(73)] ReadMemory at 0x7ffa9ad20000 of 64 bytes failed: Only part of a ReadProcessMemory or WriteProcessMemory request was completed. (0x12B)
[0705/181542.851:WARNING:pe_image_reader.cc(340)] could not read dos header from C:\WINDOWS\SYSTEM32\DNSAPI.dll
[0705/181542.851:ERROR:process_memory_win.cc(73)] ReadMemory at 0x7ffa948f0000 of 64 bytes failed: Only part of a ReadProcessMemory or WriteProcessMemory request was completed. (0x12B)
[0705/181542.851:WARNING:pe_image_reader.cc(340)] could not read dos header from C:\WINDOWS\SYSTEM32\wlanapi.dll
[0705/181542.851:ERROR:process_memory_win.cc(73)] ReadMemory at 0x7ffa9afd0000 of 64 bytes failed: Only part of a ReadProcessMemory or WriteProcessMemory request was completed. (0x12B)
[0705/181542.852:WARNING:pe_image_reader.cc(340)] could not read dos header from C:\WINDOWS\system32\mswsock.dll
[0705/181542.852:ERROR:process_memory_win.cc(73)] ReadMemory at 0x7ffa94960000 of 64 bytes failed: Only part of a ReadProcessMemory or WriteProcessMemory request was completed. (0x12B)
[0705/181542.852:WARNING:pe_image_reader.cc(340)] could not read dos header from C:\Windows\System32\rasadhlp.dll
[0705/181542.852:ERROR:process_memory_win.cc(73)] ReadMemory at 0x7ffa94a10000 of 64 bytes failed: Only part of a ReadProcessMemory or WriteProcessMemory request was completed. (0x12B)
[0705/181542.852:WARNING:pe_image_reader.cc(340)] could not read dos header from C:\WINDOWS\System32\fwpuclnt.dll
[0705/181542.852:ERROR:process_memory_win.cc(73)] ReadMemory at 0x7ffa9ab40000 of 64 bytes failed: Only part of a ReadProcessMemory or WriteProcessMemory request was completed. (0x12B)
[0705/181542.852:WARNING:pe_image_reader.cc(340)] could not read dos header from C:\WINDOWS\system32\rsaenh.dll
[0705/181542.852:ERROR:process_memory_win.cc(73)] ReadMemory at 0x7ffa9a030000 of 64 bytes failed: Only part of a ReadProcessMemory or WriteProcessMemory request was completed. (0x12B)
[0705/181542.852:WARNING:pe_image_reader.cc(340)] could not read dos header from C:\WINDOWS\SYSTEM32\gpapi.dll
[0705/181542.852:ERROR:process_memory_win.cc(73)] ReadMemory at 0x7ffa87b60000 of 64 bytes failed: Only part of a ReadProcessMemory or WriteProcessMemory request was completed. (0x12B)
[0705/181542.852:WARNING:pe_image_reader.cc(340)] could not read dos header from C:\Windows\System32\cryptnet.dll
[0705/181542.868:ERROR:process_memory_win.cc(73)] ReadMemory at 0x7ff78b4a0000 of 64 bytes failed: Only part of a ReadProcessMemory or WriteProcessMemory request was completed. (0x12B)
[0705/181542.868:WARNING:pe_image_reader.cc(340)] could not read dos header from C:\Program Files (x86)\Google\Chrome\Application\chrome.exe
[0705/181542.868:ERROR:process_memory_win.cc(73)] ReadMemory at 0x7ffa9e900000 of 64 bytes failed: Only part of a ReadProcessMemory or WriteProcessMemory request was completed. (0x12B)
[0705/181542.868:WARNING:pe_image_reader.cc(340)] could not read dos header from C:\WINDOWS\SYSTEM32\ntdll.dll
[0705/181542.868:ERROR:process_memory_win.cc(73)] ReadMemory at 0x7ffa9dba0000 of 64 bytes failed: Only part of a ReadProcessMemory or WriteProcessMemory request was completed. (0x12B)
[0705/181542.869:WARNING:pe_image_reader.cc(340)] could not read dos header from C:\WINDOWS\System32\KERNEL32.DLL
[0705/181542.869:ERROR:process_memory_win.cc(73)] ReadMemory at 0x7ffa9b890000 of 64 bytes failed: Only part of a ReadProcessMemory or WriteProcessMemory request was completed. (0x12B)
[0705/181542.869:WARNING:pe_image_reader.cc(340)] could not read dos header from C:\WINDOWS\System32\KERNELBASE.dll
[0705/181542.869:ERROR:process_memory_win.cc(73)] ReadMemory at 0x7ffa79b00000 of 64 bytes failed: Only part of a ReadProcessMemory or WriteProcessMemory request was completed. (0x12B)
[0705/181542.869:WARNING:pe_image_reader.cc(340)] could not read dos header from C:\Program Files (x86)\Google\Chrome\Application\83.0.4103.116\chrome_elf.dll
[0705/181542.869:ERROR:process_memory_win.cc(73)] ReadMemory at 0x7ffa94840000 of 64 bytes failed: Only part of a ReadProcessMemory or WriteProcessMemory request was completed. (0x12B)
[0705/181542.869:WARNING:pe_image_reader.cc(340)] could not read dos header from C:\WINDOWS\SYSTEM32\VERSION.dll
[0705/181542.869:ERROR:process_memory_win.cc(73)] ReadMemory at 0x7ffa9dd40000 of 64 bytes failed: Only part of a ReadProcessMemory or WriteProcessMemory request was completed. (0x12B)
[0705/181542.869:WARNING:pe_image_reader.cc(340)] could not read dos header from C:\WINDOWS\System32\msvcrt.dll
[0705/181542.869:ERROR:process_memory_win.cc(73)] ReadMemory at 0x7ffa9c930000 of 64 bytes failed: Only part of a ReadProcessMemory or WriteProcessMemory request was completed. (0x12B)
[0705/181542.869:WARNING:pe_image_reader.cc(340)] could not read dos header from C:\WINDOWS\System32\bcryptPrimitives.dll
[0705/181542.869:ERROR:process_memory_win.cc(73)] ReadMemory at 0x7ffa9de50000 of 64 bytes failed: Only part of a ReadProcessMemory or WriteProcessMemory request was completed. (0x12B)
[0705/181542.869:WARNING:pe_image_reader.cc(340)] could not read dos header from C:\WINDOWS\System32\ADVAPI32.dll
[0705/181542.869:ERROR:process_memory_win.cc(73)] ReadMemory at 0x7ffa9d370000 of 64 bytes failed: Only part of a ReadProcessMemory or WriteProcessMemory request was completed. (0x12B)
[0705/181542.870:WARNING:pe_image_reader.cc(340)] could not read dos header from C:\WINDOWS\System32\sechost.dll
[0705/181542.870:ERROR:process_memory_win.cc(73)] ReadMemory at 0x7ffa9d660000 of 64 bytes failed: Only part of a ReadProcessMemory or WriteProcessMemory request was completed. (0x12B)
[0705/181542.870:WARNING:pe_image_reader.cc(340)] could not read dos header from C:\WINDOWS\System32\RPCRT4.dll
[0705/181542.870:ERROR:process_memory_win.cc(73)] ReadMemory at 0x7ffa379e0000 of 64 bytes failed: Only part of a ReadProcessMemory or WriteProcessMemory request was completed. (0x12B)
[0705/181542.870:WARNING:pe_image_reader.cc(340)] could not read dos header from C:\Program Files (x86)\Google\Chrome\Application\83.0.4103.116\chrome.dll
[0705/181542.870:ERROR:process_memory_win.cc(73)] ReadMemory at 0x7ffa9dde0000 of 64 bytes failed: Only part of a ReadProcessMemory or WriteProcessMemory request was completed. (0x12B)
[0705/181542.870:WARNING:pe_image_reader.cc(340)] could not read dos header from C:\WINDOWS\System32\WS2_32.dll
[0705/181542.870:ERROR:process_memory_win.cc(73)] ReadMemory at 0x7ffa9df00000 of 64 bytes failed: Only part of a ReadProcessMemory or WriteProcessMemory request was completed. (0x12B)
[0705/181542.870:WARNING:pe_image_reader.cc(340)] could not read dos header from C:\WINDOWS\System32\OLEAUT32.dll
[0705/181542.870:ERROR:process_memory_win.cc(73)] ReadMemory at 0x7ffa9c6c0000 of 64 bytes failed: Only part of a ReadProcessMemory or WriteProcessMemory request was completed. (0x12B)
[0705/181542.870:WARNING:pe_image_reader.cc(340)] could not read dos header from C:\WINDOWS\System32\msvcp_win.dll
[0705/181542.870:ERROR:process_memory_win.cc(73)] ReadMemory at 0x7ffa9bb40000 of 64 bytes failed: Only part of a ReadProcessMemory or WriteProcessMemory request was completed. (0x12B)
[0705/181542.870:WARNING:pe_image_reader.cc(340)] could not read dos header from C:\WINDOWS\System32\ucrtbase.dll
[0705/181542.870:ERROR:process_memory_win.cc(73)] ReadMemory at 0x7ffa9d800000 of 64 bytes failed: Only part of a ReadProcessMemory or WriteProcessMemory request was completed. (0x12B)
[0705/181542.870:WARNING:pe_image_reader.cc(340)] could not read dos header from C:\WINDOWS\System32\combase.dll
[0705/181542.870:ERROR:process_memory_win.cc(73)] ReadMemory at 0x7ffa9c8d0000 of 64 bytes failed: Only part of a ReadProcessMemory or WriteProcessMemory request was completed. (0x12B)
[0705/181542.870:WARNING:pe_image_reader.cc(340)] could not read dos header from C:\WINDOWS\System32\WINTRUST.dll
[0705/181542.871:ERROR:process_memory_win.cc(73)] ReadMemory at 0x7ffa9b870000 of 64 bytes failed: Only part of a ReadProcessMemory or WriteProcessMemory request was completed. (0x12B)
[0705/181542.871:WARNING:pe_image_reader.cc(340)] could not read dos header from C:\WINDOWS\System32\MSASN1.dll
[0705/181542.871:ERROR:process_memory_win.cc(73)] ReadMemory at 0x7ffa9c780000 of 64 bytes failed: Only part of a ReadProcessMemory or WriteProcessMemory request was completed. (0x12B)
[0705/181542.871:WARNING:pe_image_reader.cc(340)] could not read dos header from C:\WINDOWS\System32\CRYPT32.dll
[0705/181542.871:ERROR:process_memory_win.cc(73)] ReadMemory at 0x7ffa9ace0000 of 64 bytes failed: Only part of a ReadProcessMemory or WriteProcessMemory request was completed. (0x12B)
[0705/181542.871:WARNING:pe_image_reader.cc(340)] could not read dos header from C:\WINDOWS\SYSTEM32\IPHLPAPI.DLL
[0705/181542.871:ERROR:process_memory_win.cc(73)] ReadMemory at 0x7ffa990f0000 of 64 bytes failed: Only part of a ReadProcessMemory or WriteProcessMemory request was completed. (0x12B)
[0705/181542.872:WARNING:pe_image_reader.cc(340)] could not read dos header from C:\WINDOWS\SYSTEM32\WINMM.dll
[0705/181542.872:ERROR:process_memory_win.cc(73)] ReadMemory at 0x7ffa88970000 of 64 bytes failed: Only part of a ReadProcessMemory or WriteProcessMemory request was completed. (0x12B)
[0705/181542.872:WARNING:pe_image_reader.cc(340)] could not read dos header from C:\WINDOWS\SYSTEM32\Secur32.dll
[0705/181542.872:ERROR:process_memory_win.cc(73)] ReadMemory at 0x7ffa9b6e0000 of 64 bytes failed: Only part of a ReadProcessMemory or WriteProcessMemory request was completed. (0x12B)
[0705/181542.872:WARNING:pe_image_reader.cc(340)] could not read dos header from C:\WINDOWS\SYSTEM32\USERENV.dll
[0705/181542.872:ERROR:process_memory_win.cc(73)] ReadMemory at 0x7ffa9b840000 of 64 bytes failed: Only part of a ReadProcessMemory or WriteProcessMemory request was completed. (0x12B)
[0705/181542.872:WARNING:pe_image_reader.cc(340)] could not read dos header from C:\WINDOWS\System32\profapi.dll
[0705/181542.872:ERROR:process_memory_win.cc(73)] ReadMemory at 0x7ffa70700000 of 64 bytes failed: Only part of a ReadProcessMemory or WriteProcessMemory request was completed. (0x12B)
[0705/181542.872:WARNING:pe_image_reader.cc(340)] could not read dos header from C:\WINDOWS\SYSTEM32\UIAutomationCore.DLL
[0705/181542.872:ERROR:process_memory_win.cc(73)] ReadMemory at 0x7ffa88c90000 of 64 bytes failed: Only part of a ReadProcessMemory or WriteProcessMemory request was completed. (0x12B)
[0705/181542.873:WARNING:pe_image_reader.cc(340)] could not read dos header from C:\WINDOWS\SYSTEM32\DWrite.dll
[0705/181542.873:ERROR:process_memory_win.cc(73)] ReadMemory at 0x7ffa91480000 of 64 bytes failed: Only part of a ReadProcessMemory or WriteProcessMemory request was completed. (0x12B)
[0705/181542.873:WARNING:pe_image_reader.cc(340)] could not read dos header from C:\WINDOWS\SYSTEM32\WINSPOOL.DRV
[0705/181542.873:ERROR:process_memory_win.cc(73)] ReadMemory at 0x7ffa9b7d0000 of 64 bytes failed: Only part of a ReadProcessMemory or WriteProcessMemory request was completed. (0x12B)
[0705/181542.873:WARNING:pe_image_reader.cc(340)] could not read dos header from C:\WINDOWS\System32\kernel.appcore.dll
[0705/181542.873:ERROR:process_memory_win.cc(73)] ReadMemory at 0x7ffa9c660000 of 64 bytes failed: Only part of a ReadProcessMemory or WriteProcessMemory request was completed. (0x12B)
[0705/181542.873:WARNING:pe_image_reader.cc(340)] could not read dos header from C:\WINDOWS\System32\bcrypt.dll
[0705/181542.873:ERROR:process_memory_win.cc(73)] ReadMemory at 0x7ffa9a1a0000 of 64 bytes failed: Only part of a ReadProcessMemory or WriteProcessMemory request was completed. (0x12B)
[0705/181542.873:WARNING:pe_image_reader.cc(340)] could not read dos header from C:\WINDOWS\SYSTEM32\dbghelp.dll
[0705/181542.873:ERROR:process_memory_win.cc(73)] ReadMemory at 0x7ffa91cf0000 of 64 bytes failed: Only part of a ReadProcessMemory or WriteProcessMemory request was completed. (0x12B)
[0705/181542.873:WARNING:pe_image_reader.cc(340)] could not read dos header from C:\WINDOWS\SYSTEM32\WINHTTP.dll
[0705/181542.874:ERROR:process_memory_win.cc(73)] ReadMemory at 0x7ffa94c80000 of 64 bytes failed: Only part of a ReadProcessMemory or WriteProcessMemory request was completed. (0x12B)
[0705/181542.874:WARNING:pe_image_reader.cc(340)] could not read dos header from C:\WINDOWS\SYSTEM32\dhcpcsvc.DLL
[0705/181542.874:ERROR:process_memory_win.cc(73)] ReadMemory at 0x7ffa9dc60000 of 64 bytes failed: Only part of a ReadProcessMemory or WriteProcessMemory request was completed. (0x12B)
[0705/181542.874:WARNING:pe_image_reader.cc(340)] could not read dos header from C:\WINDOWS\System32\NSI.dll
[0705/181542.874:ERROR:process_memory_win.cc(73)] ReadMemory at 0x7ffa98c70000 of 64 bytes failed: Only part of a ReadProcessMemory or WriteProcessMemory request was completed. (0x12B)
[0705/181542.874:WARNING:pe_image_reader.cc(340)] could not read dos header from C:\WINDOWS\SYSTEM32\WINMMBASE.dll
[0705/181542.875:ERROR:process_memory_win.cc(73)] ReadMemory at 0x7ffa9bde0000 of 64 bytes failed: Only part of a ReadProcessMemory or WriteProcessMemory request was completed. (0x12B)
[0705/181542.875:WARNING:pe_image_reader.cc(340)] could not read dos header from C:\WINDOWS\System32\cfgmgr32.dll
[0705/181542.875:ERROR:process_memory_win.cc(73)] ReadMemory at 0x7ffa995a0000 of 64 bytes failed: Only part of a ReadProcessMemory or WriteProcessMemory request was completed. (0x12B)
[0705/181542.875:WARNING:pe_image_reader.cc(340)] could not read dos header from C:\WINDOWS\SYSTEM32\PROPSYS.dll
[0705/181542.875:ERROR:process_memory_win.cc(73)] ReadMemory at 0x7ffa9dc70000 of 64 bytes failed: Only part of a ReadProcessMemory or WriteProcessMemory request was completed. (0x12B)
[0705/181542.875:WARNING:pe_image_reader.cc(340)] could not read dos header from C:\WINDOWS\System32\shcore.dll
[0705/181542.875:ERROR:process_memory_win.cc(73)] ReadMemory at 0x7ffa9b6b0000 of 64 bytes failed: Only part of a ReadProcessMemory or WriteProcessMemory request was completed. (0x12B)
[0705/181542.875:WARNING:pe_image_reader.cc(340)] could not read dos header from C:\WINDOWS\SYSTEM32\SSPICLI.DLL
[0705/181542.875:ERROR:process_memory_win.cc(73)] ReadMemory at 0x7ffa9ca50000 of 64 bytes failed: Only part of a ReadProcessMemory or WriteProcessMemory request was completed. (0x12B)
[0705/181542.875:WARNING:pe_image_reader.cc(340)] could not read dos header from C:\WINDOWS\System32\SHELL32.dll
[0705/181542.875:ERROR:process_memory_win.cc(73)] ReadMemory at 0x7ffa9bee0000 of 64 bytes failed: Only part of a ReadProcessMemory or WriteProcessMemory request was completed. (0x12B)
[0705/181542.875:WARNING:pe_image_reader.cc(340)] could not read dos header from C:\WINDOWS\System32\windows.storage.dll
[0705/181542.875:ERROR:process_memory_win.cc(73)] ReadMemory at 0x7ffa9b7f0000 of 64 bytes failed: Only part of a ReadProcessMemory or WriteProcessMemory request was completed. (0x12B)
[0705/181542.875:WARNING:pe_image_reader.cc(340)] could not read dos header from C:\WINDOWS\System32\powrprof.dll
[0705/181542.875:ERROR:process_memory_win.cc(73)] ReadMemory at 0x7ffa9b7c0000 of 64 bytes failed: Only part of a ReadProcessMemory or WriteProcessMemory request was completed. (0x12B)
[0705/181542.875:WARNING:pe_image_reader.cc(340)] could not read dos header from C:\WINDOWS\System32\UMPDC.dll
[0705/181542.876:ERROR:process_memory_win.cc(73)] ReadMemory at 0x7ffa9db40000 of 64 bytes failed: Only part of a ReadProcessMemory or WriteProcessMemory request was completed. (0x12B)
[0705/181542.876:WARNING:pe_image_reader.cc(340)] could not read dos header from C:\WINDOWS\System32\shlwapi.dll
[0705/181542.876:ERROR:process_memory_win.cc(73)] ReadMemory at 0x7ffa9e5a0000 of 64 bytes failed: Only part of a ReadProcessMemory or WriteProcessMemory request was completed. (0x12B)
[0705/181542.876:WARNING:pe_image_reader.cc(340)] could not read dos header from C:\WINDOWS\System32\GDI32.dll
[0705/181542.876:ERROR:process_memory_win.cc(73)] ReadMemory at 0x7ffa9c690000 of 64 bytes failed: Only part of a ReadProcessMemory or WriteProcessMemory request was completed. (0x12B)
[0705/181542.876:WARNING:pe_image_reader.cc(340)] could not read dos header from C:\WINDOWS\System32\win32u.dll
[0705/181542.876:ERROR:process_memory_win.cc(73)] ReadMemory at 0x7ffa9bc40000 of 64 bytes failed: Only part of a ReadProcessMemory or WriteProcessMemory request was completed. (0x12B)
[0705/181542.876:WARNING:pe_image_reader.cc(340)] could not read dos header from C:\WINDOWS\System32\gdi32full.dll
[0705/181542.876:ERROR:process_memory_win.cc(73)] ReadMemory at 0x7ffa9e6b0000 of 64 bytes failed: Only part of a ReadProcessMemory or WriteProcessMemory request was completed. (0x12B)
[0705/181542.876:WARNING:pe_image_reader.cc(340)] could not read dos header from C:\WINDOWS\System32\USER32.dll
[0705/181542.876:ERROR:process_memory_win.cc(73)] ReadMemory at 0x7ffa9c760000 of 64 bytes failed: Only part of a ReadProcessMemory or WriteProcessMemory request was completed. (0x12B)
[0705/181542.877:WARNING:pe_image_reader.cc(340)] could not read dos header from C:\WINDOWS\System32\cryptsp.dll
[0705/181542.877:ERROR:process_memory_win.cc(73)] ReadMemory at 0x7ffa9c9c0000 of 64 bytes failed: Only part of a ReadProcessMemory or WriteProcessMemory request was completed. (0x12B)
[0705/181542.878:WARNING:pe_image_reader.cc(340)] could not read dos header from C:\WINDOWS\System32\IMM32.DLL
[0705/181542.878:ERROR:process_memory_win.cc(73)] ReadMemory at 0x7ffa9b1a0000 of 64 bytes failed: Only part of a ReadProcessMemory or WriteProcessMemory request was completed. (0x12B)
[0705/181542.878:WARNING:pe_image_reader.cc(340)] could not read dos header from C:\WINDOWS\SYSTEM32\CRYPTBASE.DLL
[0705/181542.878:ERROR:process_memory_win.cc(73)] ReadMemory at 0x7ffa97d10000 of 64 bytes failed: Only part of a ReadProcessMemory or WriteProcessMemory request was completed. (0x12B)
[0705/181542.878:WARNING:pe_image_reader.cc(340)] could not read dos header from C:\WINDOWS\system32\NLAapi.dll
[0705/181542.878:ERROR:process_memory_win.cc(73)] ReadMemory at 0x7ffa95060000 of 64 bytes failed: Only part of a ReadProcessMemory or WriteProcessMemory request was completed. (0x12B)
[0705/181542.878:WARNING:pe_image_reader.cc(340)] could not read dos header from C:\WINDOWS\SYSTEM32\dhcpcsvc6.DLL
[0705/181542.878:ERROR:process_memory_win.cc(73)] ReadMemory at 0x7ffa9ad20000 of 64 bytes failed: Only part of a ReadProcessMemory or WriteProcessMemory request was completed. (0x12B)
[0705/181542.878:WARNING:pe_image_reader.cc(340)] could not read dos header from C:\WINDOWS\SYSTEM32\DNSAPI.dll
[0705/181542.878:ERROR:process_memory_win.cc(73)] ReadMemory at 0x7ffa948f0000 of 64 bytes failed: Only part of a ReadProcessMemory or WriteProcessMemory request was completed. (0x12B)
[0705/181542.878:WARNING:pe_image_reader.cc(340)] could not read dos header from C:\WINDOWS\SYSTEM32\wlanapi.dll
[0705/181542.878:ERROR:process_memory_win.cc(73)] ReadMemory at 0x7ffa9afd0000 of 64 bytes failed: Only part of a ReadProcessMemory or WriteProcessMemory request was completed. (0x12B)
[0705/181542.879:WARNING:pe_image_reader.cc(340)] could not read dos header from C:\WINDOWS\system32\mswsock.dll
[0705/181542.879:ERROR:process_memory_win.cc(73)] ReadMemory at 0x7ffa94960000 of 64 bytes failed: Only part of a ReadProcessMemory or WriteProcessMemory request was completed. (0x12B)
[0705/181542.879:WARNING:pe_image_reader.cc(340)] could not read dos header from C:\Windows\System32\rasadhlp.dll
[0705/181542.879:ERROR:process_memory_win.cc(73)] ReadMemory at 0x7ffa94a10000 of 64 bytes failed: Only part of a ReadProcessMemory or WriteProcessMemory request was completed. (0x12B)
[0705/181542.879:WARNING:pe_image_reader.cc(340)] could not read dos header from C:\WINDOWS\System32\fwpuclnt.dll
[0705/181542.879:ERROR:process_memory_win.cc(73)] ReadMemory at 0x7ffa9ab40000 of 64 bytes failed: Only part of a ReadProcessMemory or WriteProcessMemory request was completed. (0x12B)
[0705/181542.879:WARNING:pe_image_reader.cc(340)] could not read dos header from C:\WINDOWS\system32\rsaenh.dll
[0705/181542.879:ERROR:process_memory_win.cc(73)] ReadMemory at 0x7ffa9a030000 of 64 bytes failed: Only part of a ReadProcessMemory or WriteProcessMemory request was completed. (0x12B)
[0705/181542.879:WARNING:pe_image_reader.cc(340)] could not read dos header from C:\WINDOWS\SYSTEM32\gpapi.dll
[0705/181542.879:ERROR:process_memory_win.cc(73)] ReadMemory at 0x7ffa87b60000 of 64 bytes failed: Only part of a ReadProcessMemory or WriteProcessMemory request was completed. (0x12B)
[0705/181542.879:WARNING:pe_image_reader.cc(340)] could not read dos header from C:\Windows\System32\cryptnet.dll
[0705/181542.879:ERROR:process_memory_win.cc(73)] ReadMemory at 0x7ff78b4a0000 of 64 bytes failed: Only part of a ReadProcessMemory or WriteProcessMemory request was completed. (0x12B)
[0705/181542.879:WARNING:pe_image_reader.cc(340)] could not read dos header from C:\Program Files (x86)\Google\Chrome\Application\chrome.exe
[0705/181542.880:ERROR:process_memory_win.cc(73)] ReadMemory at 0x7ffa9e900000 of 64 bytes failed: Only part of a ReadProcessMemory or WriteProcessMemory request was completed. (0x12B)
[0705/181542.880:WARNING:pe_image_reader.cc(340)] could not read dos header from C:\WINDOWS\SYSTEM32\ntdll.dll
[0705/181542.880:ERROR:process_memory_win.cc(73)] ReadMemory at 0x7ffa9dba0000 of 64 bytes failed: Only part of a ReadProcessMemory or WriteProcessMemory request was completed. (0x12B)
[0705/181542.880:WARNING:pe_image_reader.cc(340)] could not read dos header from C:\WINDOWS\System32\KERNEL32.DLL
[0705/181542.880:ERROR:process_memory_win.cc(73)] ReadMemory at 0x7ffa9b890000 of 64 bytes failed: Only part of a ReadProcessMemory or WriteProcessMemory request was completed. (0x12B)
[0705/181542.880:WARNING:pe_image_reader.cc(340)] could not read dos header from C:\WINDOWS\System32\KERNELBASE.dll
[0705/181542.880:ERROR:process_memory_win.cc(73)] ReadMemory at 0x7ffa79b00000 of 64 bytes failed: Only part of a ReadProcessMemory or WriteProcessMemory request was completed. (0x12B)
[0705/181542.880:WARNING:pe_image_reader.cc(340)] could not read dos header from C:\Program Files (x86)\Google\Chrome\Application\83.0.4103.116\chrome_elf.dll
[0705/181542.880:ERROR:process_memory_win.cc(73)] ReadMemory at 0x7ffa94840000 of 64 bytes failed: Only part of a ReadProcessMemory or WriteProcessMemory request was completed. (0x12B)
[0705/181542.880:WARNING:pe_image_reader.cc(340)] could not read dos header from C:\WINDOWS\SYSTEM32\VERSION.dll
[0705/181542.880:ERROR:process_memory_win.cc(73)] ReadMemory at 0x7ffa9dd40000 of 64 bytes failed: Only part of a ReadProcessMemory or WriteProcessMemory request was completed. (0x12B)
[0705/181542.880:WARNING:pe_image_reader.cc(340)] could not read dos header from C:\WINDOWS\System32\msvcrt.dll
[0705/181542.880:ERROR:process_memory_win.cc(73)] ReadMemory at 0x7ffa9c930000 of 64 bytes failed: Only part of a ReadProcessMemory or WriteProcessMemory request was completed. (0x12B)
[0705/181542.880:WARNING:pe_image_reader.cc(340)] could not read dos header from C:\WINDOWS\System32\bcryptPrimitives.dll
[0705/181542.880:ERROR:process_memory_win.cc(73)] ReadMemory at 0x7ffa9de50000 of 64 bytes failed: Only part of a ReadProcessMemory or WriteProcessMemory request was completed. (0x12B)
[0705/181542.880:WARNING:pe_image_reader.cc(340)] could not read dos header from C:\WINDOWS\System32\ADVAPI32.dll
[0705/181542.880:ERROR:process_memory_win.cc(73)] ReadMemory at 0x7ffa9d370000 of 64 bytes failed: Only part of a ReadProcessMemory or WriteProcessMemory request was completed. (0x12B)
[0705/181542.880:WARNING:pe_image_reader.cc(340)] could not read dos header from C:\WINDOWS\System32\sechost.dll
[0705/181542.881:ERROR:process_memory_win.cc(73)] ReadMemory at 0x7ffa9d660000 of 64 bytes failed: Only part of a ReadProcessMemory or WriteProcessMemory request was completed. (0x12B)
[0705/181542.881:WARNING:pe_image_reader.cc(340)] could not read dos header from C:\WINDOWS\System32\RPCRT4.dll
[0705/181542.881:ERROR:process_memory_win.cc(73)] ReadMemory at 0x7ffa379e0000 of 64 bytes failed: Only part of a ReadProcessMemory or WriteProcessMemory request was completed. (0x12B)
[0705/181542.881:WARNING:pe_image_reader.cc(340)] could not read dos header from C:\Program Files (x86)\Google\Chrome\Application\83.0.4103.116\chrome.dll
[0705/181542.881:ERROR:process_memory_win.cc(73)] ReadMemory at 0x7ffa9dde0000 of 64 bytes failed: Only part of a ReadProcessMemory or WriteProcessMemory request was completed. (0x12B)
[0705/181542.881:WARNING:pe_image_reader.cc(340)] could not read dos header from C:\WINDOWS\System32\WS2_32.dll
[0705/181542.881:ERROR:process_memory_win.cc(73)] ReadMemory at 0x7ffa9df00000 of 64 bytes failed: Only part of a ReadProcessMemory or WriteProcessMemory request was completed. (0x12B)
[0705/181542.881:WARNING:pe_image_reader.cc(340)] could not read dos header from C:\WINDOWS\System32\OLEAUT32.dll
[0705/181542.881:ERROR:process_memory_win.cc(73)] ReadMemory at 0x7ffa9c6c0000 of 64 bytes failed: Only part of a ReadProcessMemory or WriteProcessMemory request was completed. (0x12B)
[0705/181542.881:WARNING:pe_image_reader.cc(340)] could not read dos header from C:\WINDOWS\System32\msvcp_win.dll
[0705/181542.881:ERROR:process_memory_win.cc(73)] ReadMemory at 0x7ffa9bb40000 of 64 bytes failed: Only part of a ReadProcessMemory or WriteProcessMemory request was completed. (0x12B)
[0705/181542.881:WARNING:pe_image_reader.cc(340)] could not read dos header from C:\WINDOWS\System32\ucrtbase.dll
[0705/181542.882:ERROR:process_memory_win.cc(73)] ReadMemory at 0x7ffa9d800000 of 64 bytes failed: Only part of a ReadProcessMemory or WriteProcessMemory request was completed. (0x12B)
[0705/181542.882:WARNING:pe_image_reader.cc(340)] could not read dos header from C:\WINDOWS\System32\combase.dll
[0705/181542.882:ERROR:process_memory_win.cc(73)] ReadMemory at 0x7ffa9c8d0000 of 64 bytes failed: Only part of a ReadProcessMemory or WriteProcessMemory request was completed. (0x12B)
[0705/181542.882:WARNING:pe_image_reader.cc(340)] could not read dos header from C:\WINDOWS\System32\WINTRUST.dll
[0705/181542.882:ERROR:process_memory_win.cc(73)] ReadMemory at 0x7ffa9b870000 of 64 bytes failed: Only part of a ReadProcessMemory or WriteProcessMemory request was completed. (0x12B)
[0705/181542.882:WARNING:pe_image_reader.cc(340)] could not read dos header from C:\WINDOWS\System32\MSASN1.dll
[0705/181542.882:ERROR:process_memory_win.cc(73)] ReadMemory at 0x7ffa9c780000 of 64 bytes failed: Only part of a ReadProcessMemory or WriteProcessMemory request was completed. (0x12B)
[0705/181542.882:WARNING:pe_image_reader.cc(340)] could not read dos header from C:\WINDOWS\System32\CRYPT32.dll
[0705/181542.882:ERROR:process_memory_win.cc(73)] ReadMemory at 0x7ffa9ace0000 of 64 bytes failed: Only part of a ReadProcessMemory or WriteProcessMemory request was completed. (0x12B)
[0705/181542.882:WARNING:pe_image_reader.cc(340)] could not read dos header from C:\WINDOWS\SYSTEM32\IPHLPAPI.DLL
[0705/181542.883:ERROR:process_memory_win.cc(73)] ReadMemory at 0x7ffa990f0000 of 64 bytes failed: Only part of a ReadProcessMemory or WriteProcessMemory request was completed. (0x12B)
[0705/181542.883:WARNING:pe_image_reader.cc(340)] could not read dos header from C:\WINDOWS\SYSTEM32\WINMM.dll
[0705/181542.883:ERROR:process_memory_win.cc(73)] ReadMemory at 0x7ffa88970000 of 64 bytes failed: Only part of a ReadProcessMemory or WriteProcessMemory request was completed. (0x12B)
[0705/181542.883:WARNING:pe_image_reader.cc(340)] could not read dos header from C:\WINDOWS\SYSTEM32\Secur32.dll
[0705/181542.883:ERROR:process_memory_win.cc(73)] ReadMemory at 0x7ffa9b6e0000 of 64 bytes failed: Only part of a ReadProcessMemory or WriteProcessMemory request was completed. (0x12B)
[0705/181542.883:WARNING:pe_image_reader.cc(340)] could not read dos header from C:\WINDOWS\SYSTEM32\USERENV.dll
[0705/181542.883:ERROR:process_memory_win.cc(73)] ReadMemory at 0x7ffa9b840000 of 64 bytes failed: Only part of a ReadProcessMemory or WriteProcessMemory request was completed. (0x12B)
[0705/181542.883:WARNING:pe_image_reader.cc(340)] could not read dos header from C:\WINDOWS\System32\profapi.dll
[0705/181542.883:ERROR:process_memory_win.cc(73)] ReadMemory at 0x7ffa70700000 of 64 bytes failed: Only part of a ReadProcessMemory or WriteProcessMemory request was completed. (0x12B)
[0705/181542.883:WARNING:pe_image_reader.cc(340)] could not read dos header from C:\WINDOWS\SYSTEM32\UIAutomationCore.DLL
[0705/181542.883:ERROR:process_memory_win.cc(73)] ReadMemory at 0x7ffa88c90000 of 64 bytes failed: Only part of a ReadProcessMemory or WriteProcessMemory request was completed. (0x12B)
[0705/181542.883:WARNING:pe_image_reader.cc(340)] could not read dos header from C:\WINDOWS\SYSTEM32\DWrite.dll
[0705/181542.883:ERROR:process_memory_win.cc(73)] ReadMemory at 0x7ffa91480000 of 64 bytes failed: Only part of a ReadProcessMemory or WriteProcessMemory request was completed. (0x12B)
[0705/181542.884:WARNING:pe_image_reader.cc(340)] could not read dos header from C:\WINDOWS\SYSTEM32\WINSPOOL.DRV
[0705/181542.884:ERROR:process_memory_win.cc(73)] ReadMemory at 0x7ffa9b7d0000 of 64 bytes failed: Only part of a ReadProcessMemory or WriteProcessMemory request was completed. (0x12B)
[0705/181542.885:WARNING:pe_image_reader.cc(340)] could not read dos header from C:\WINDOWS\System32\kernel.appcore.dll
[0705/181542.885:ERROR:process_memory_win.cc(73)] ReadMemory at 0x7ffa9c660000 of 64 bytes failed: Only part of a ReadProcessMemory or WriteProcessMemory request was completed. (0x12B)
[0705/181542.885:WARNING:pe_image_reader.cc(340)] could not read dos header from C:\WINDOWS\System32\bcrypt.dll
[0705/181542.885:ERROR:process_memory_win.cc(73)] ReadMemory at 0x7ffa9a1a0000 of 64 bytes failed: Only part of a ReadProcessMemory or WriteProcessMemory request was completed. (0x12B)
[0705/181542.885:WARNING:pe_image_reader.cc(340)] could not read dos header from C:\WINDOWS\SYSTEM32\dbghelp.dll
[0705/181542.885:ERROR:process_memory_win.cc(73)] ReadMemory at 0x7ffa91cf0000 of 64 bytes failed: Only part of a ReadProcessMemory or WriteProcessMemory request was completed. (0x12B)
[0705/181542.885:WARNING:pe_image_reader.cc(340)] could not read dos header from C:\WINDOWS\SYSTEM32\WINHTTP.dll
[0705/181542.885:ERROR:process_memory_win.cc(73)] ReadMemory at 0x7ffa94c80000 of 64 bytes failed: Only part of a ReadProcessMemory or WriteProcessMemory request was completed. (0x12B)
[0705/181542.885:WARNING:pe_image_reader.cc(340)] could not read dos header from C:\WINDOWS\SYSTEM32\dhcpcsvc.DLL
[0705/181542.885:ERROR:process_memory_win.cc(73)] ReadMemory at 0x7ffa9dc60000 of 64 bytes failed: Only part of a ReadProcessMemory or WriteProcessMemory request was completed. (0x12B)
[0705/181542.885:WARNING:pe_image_reader.cc(340)] could not read dos header from C:\WINDOWS\System32\NSI.dll
[0705/181542.886:ERROR:process_memory_win.cc(73)] ReadMemory at 0x7ffa98c70000 of 64 bytes failed: Only part of a ReadProcessMemory or WriteProcessMemory request was completed. (0x12B)
[0705/181542.886:WARNING:pe_image_reader.cc(340)] could not read dos header from C:\WINDOWS\SYSTEM32\WINMMBASE.dll
[0705/181542.886:ERROR:process_memory_win.cc(73)] ReadMemory at 0x7ffa9bde0000 of 64 bytes failed: Only part of a ReadProcessMemory or WriteProcessMemory request was completed. (0x12B)
[0705/181542.886:WARNING:pe_image_reader.cc(340)] could not read dos header from C:\WINDOWS\System32\cfgmgr32.dll
[0705/181542.886:ERROR:process_memory_win.cc(73)] ReadMemory at 0x7ffa995a0000 of 64 bytes failed: Only part of a ReadProcessMemory or WriteProcessMemory request was completed. (0x12B)
[0705/181542.886:WARNING:pe_image_reader.cc(340)] could not read dos header from C:\WINDOWS\SYSTEM32\PROPSYS.dll
[0705/181542.886:ERROR:process_memory_win.cc(73)] ReadMemory at 0x7ffa9dc70000 of 64 bytes failed: Only part of a ReadProcessMemory or WriteProcessMemory request was completed. (0x12B)
[0705/181542.886:WARNING:pe_image_reader.cc(340)] could not read dos header from C:\WINDOWS\System32\shcore.dll
[0705/181542.886:ERROR:process_memory_win.cc(73)] ReadMemory at 0x7ffa9b6b0000 of 64 bytes failed: Only part of a ReadProcessMemory or WriteProcessMemory request was completed. (0x12B)
[0705/181542.886:WARNING:pe_image_reader.cc(340)] could not read dos header from C:\WINDOWS\SYSTEM32\SSPICLI.DLL
[0705/181542.886:ERROR:process_memory_win.cc(73)] ReadMemory at 0x7ffa9ca50000 of 64 bytes failed: Only part of a ReadProcessMemory or WriteProcessMemory request was completed. (0x12B)
[0705/181542.886:WARNING:pe_image_reader.cc(340)] could not read dos header from C:\WINDOWS\System32\SHELL32.dll
[0705/181542.886:ERROR:process_memory_win.cc(73)] ReadMemory at 0x7ffa9bee0000 of 64 bytes failed: Only part of a ReadProcessMemory or WriteProcessMemory request was completed. (0x12B)
[0705/181542.886:WARNING:pe_image_reader.cc(340)] could not read dos header from C:\WINDOWS\System32\windows.storage.dll
[0705/181542.886:ERROR:process_memory_win.cc(73)] ReadMemory at 0x7ffa9b7f0000 of 64 bytes failed: Only part of a ReadProcessMemory or WriteProcessMemory request was completed. (0x12B)
[0705/181542.886:WARNING:pe_image_reader.cc(340)] could not read dos header from C:\WINDOWS\System32\powrprof.dll
[0705/181542.886:ERROR:process_memory_win.cc(73)] ReadMemory at 0x7ffa9b7c0000 of 64 bytes failed: Only part of a ReadProcessMemory or WriteProcessMemory request was completed. (0x12B)
[0705/181542.886:WARNING:pe_image_reader.cc(340)] could not read dos header from C:\WINDOWS\System32\UMPDC.dll
[0705/181542.886:ERROR:process_memory_win.cc(73)] ReadMemory at 0x7ffa9db40000 of 64 bytes failed: Only part of a ReadProcessMemory or WriteProcessMemory request was completed. (0x12B)
[0705/181542.886:WARNING:pe_image_reader.cc(340)] could not read dos header from C:\WINDOWS\System32\shlwapi.dll
[0705/181542.887:ERROR:process_memory_win.cc(73)] ReadMemory at 0x7ffa9e5a0000 of 64 bytes failed: Only part of a ReadProcessMemory or WriteProcessMemory request was completed. (0x12B)
[0705/181542.887:WARNING:pe_image_reader.cc(340)] could not read dos header from C:\WINDOWS\System32\GDI32.dll
[0705/181542.887:ERROR:process_memory_win.cc(73)] ReadMemory at 0x7ffa9c690000 of 64 bytes failed: Only part of a ReadProcessMemory or WriteProcessMemory request was completed. (0x12B)
[0705/181542.887:WARNING:pe_image_reader.cc(340)] could not read dos header from C:\WINDOWS\System32\win32u.dll
[0705/181542.887:ERROR:process_memory_win.cc(73)] ReadMemory at 0x7ffa9bc40000 of 64 bytes failed: Only part of a ReadProcessMemory or WriteProcessMemory request was completed. (0x12B)
[0705/181542.887:WARNING:pe_image_reader.cc(340)] could not read dos header from C:\WINDOWS\System32\gdi32full.dll
[0705/181542.887:ERROR:process_memory_win.cc(73)] ReadMemory at 0x7ffa9e6b0000 of 64 bytes failed: Only part of a ReadProcessMemory or WriteProcessMemory request was completed. (0x12B)
[0705/181542.887:WARNING:pe_image_reader.cc(340)] could not read dos header from C:\WINDOWS\System32\USER32.dll
[0705/181542.888:ERROR:process_memory_win.cc(73)] ReadMemory at 0x7ffa9c760000 of 64 bytes failed: Only part of a ReadProcessMemory or WriteProcessMemory request was completed. (0x12B)
[0705/181542.888:WARNING:pe_image_reader.cc(340)] could not read dos header from C:\WINDOWS\System32\cryptsp.dll
[0705/181542.888:ERROR:process_memory_win.cc(73)] ReadMemory at 0x7ffa9c9c0000 of 64 bytes failed: Only part of a ReadProcessMemory or WriteProcessMemory request was completed. (0x12B)
[0705/181542.888:WARNING:pe_image_reader.cc(340)] could not read dos header from C:\WINDOWS\System32\IMM32.DLL
[0705/181542.888:ERROR:process_memory_win.cc(73)] ReadMemory at 0x7ffa9b1a0000 of 64 bytes failed: Only part of a ReadProcessMemory or WriteProcessMemory request was completed. (0x12B)
[0705/181542.888:WARNING:pe_image_reader.cc(340)] could not read dos header from C:\WINDOWS\SYSTEM32\CRYPTBASE.DLL
[0705/181542.888:ERROR:process_memory_win.cc(73)] ReadMemory at 0x7ffa97d10000 of 64 bytes failed: Only part of a ReadProcessMemory or WriteProcessMemory request was completed. (0x12B)
[0705/181542.888:WARNING:pe_image_reader.cc(340)] could not read dos header from C:\WINDOWS\system32\NLAapi.dll
[0705/181542.888:ERROR:process_memory_win.cc(73)] ReadMemory at 0x7ffa95060000 of 64 bytes failed: Only part of a ReadProcessMemory or WriteProcessMemory request was completed. (0x12B)
[0705/181542.888:WARNING:pe_image_reader.cc(340)] could not read dos header from C:\WINDOWS\SYSTEM32\dhcpcsvc6.DLL
[0705/181542.888:ERROR:process_memory_win.cc(73)] ReadMemory at 0x7ffa9ad20000 of 64 bytes failed: Only part of a ReadProcessMemory or WriteProcessMemory request was completed. (0x12B)
[0705/181542.888:WARNING:pe_image_reader.cc(340)] could not read dos header from C:\WINDOWS\SYSTEM32\DNSAPI.dll
[0705/181542.888:ERROR:process_memory_win.cc(73)] ReadMemory at 0x7ffa948f0000 of 64 bytes failed: Only part of a ReadProcessMemory or WriteProcessMemory request was completed. (0x12B)
[0705/181542.888:WARNING:pe_image_reader.cc(340)] could not read dos header from C:\WINDOWS\SYSTEM32\wlanapi.dll
[0705/181542.889:ERROR:process_memory_win.cc(73)] ReadMemory at 0x7ffa9afd0000 of 64 bytes failed: Only part of a ReadProcessMemory or WriteProcessMemory request was completed. (0x12B)
[0705/181542.890:WARNING:pe_image_reader.cc(340)] could not read dos header from C:\WINDOWS\system32\mswsock.dll
[0705/181542.890:ERROR:process_memory_win.cc(73)] ReadMemory at 0x7ffa94960000 of 64 bytes failed: Only part of a ReadProcessMemory or WriteProcessMemory request was completed. (0x12B)
[0705/181542.890:WARNING:pe_image_reader.cc(340)] could not read dos header from C:\Windows\System32\rasadhlp.dll
[0705/181542.890:ERROR:process_memory_win.cc(73)] ReadMemory at 0x7ffa94a10000 of 64 bytes failed: Only part of a ReadProcessMemory or WriteProcessMemory request was completed. (0x12B)
[0705/181542.890:WARNING:pe_image_reader.cc(340)] could not read dos header from C:\WINDOWS\System32\fwpuclnt.dll
[0705/181542.890:ERROR:process_memory_win.cc(73)] ReadMemory at 0x7ffa9ab40000 of 64 bytes failed: Only part of a ReadProcessMemory or WriteProcessMemory request was completed. (0x12B)
[0705/181542.890:WARNING:pe_image_reader.cc(340)] could not read dos header from C:\WINDOWS\system32\rsaenh.dll
[0705/181542.891:ERROR:process_memory_win.cc(73)] ReadMemory at 0x7ffa9a030000 of 64 bytes failed: Only part of a ReadProcessMemory or WriteProcessMemory request was completed. (0x12B)
[0705/181542.891:WARNING:pe_image_reader.cc(340)] could not read dos header from C:\WINDOWS\SYSTEM32\gpapi.dll
[0705/181542.891:ERROR:process_memory_win.cc(73)] ReadMemory at 0x7ffa87b60000 of 64 bytes failed: Only part of a ReadProcessMemory or WriteProcessMemory request was completed. (0x12B)
[0705/181542.891:WARNING:pe_image_reader.cc(340)] could not read dos header from C:\Windows\System32\cryptnet.dll
[0705/181542.919:ERROR:process_memory_win.cc(73)] ReadMemory at 0x7a737fa000 of 24576 bytes failed: Only part of a ReadProcessMemory or WriteProcessMemory request was completed. (0x12B)
[0705/181542.919:ERROR:process_memory_win.cc(73)] ReadMemory at 0x7a73ffe000 of 8192 bytes failed: Only part of a ReadProcessMemory or WriteProcessMemory request was completed. (0x12B)
[0705/181542.919:ERROR:process_memory_win.cc(73)] ReadMemory at 0x7a747fd000 of 12288 bytes failed: Only part of a ReadProcessMemory or WriteProcessMemory request was completed. (0x12B)
[0705/181542.919:ERROR:process_memory_win.cc(73)] ReadMemory at 0x7a74ff9000 of 28672 bytes failed: Only part of a ReadProcessMemory or WriteProcessMemory request was completed. (0x12B)
[0705/181542.919:ERROR:process_memory_win.cc(73)] ReadMemory at 0x7a757fd000 of 12288 bytes failed: Only part of a ReadProcessMemory or WriteProcessMemory request was completed. (0x12B)
[0705/181542.919:ERROR:process_memory_win.cc(73)] ReadMemory at 0x7a75ff8000 of 32768 bytes failed: Only part of a ReadProcessMemory or WriteProcessMemory request was completed. (0x12B)
[0705/181542.920:ERROR:process_memory_win.cc(73)] ReadMemory at 0x7a767fd000 of 12288 bytes failed: Only part of a ReadProcessMemory or WriteProcessMemory request was completed. (0x12B)
[0705/181542.920:ERROR:process_memory_win.cc(73)] ReadMemory at 0x7a76ff9000 of 28672 bytes failed: Only part of a ReadProcessMemory or WriteProcessMemory request was completed. (0x12B)
[0705/181542.920:ERROR:process_memory_win.cc(73)] ReadMemory at 0x7a777fb000 of 20480 bytes failed: Only part of a ReadProcessMemory or WriteProcessMemory request was completed. (0x12B)
[0705/181542.920:ERROR:process_memory_win.cc(73)] ReadMemory at 0x7a787fe000 of 8192 bytes failed: Only part of a ReadProcessMemory or WriteProcessMemory request was completed. (0x12B)
[0705/181542.920:ERROR:process_memory_win.cc(73)] ReadMemory at 0x7a78ffe000 of 8192 bytes failed: Only part of a ReadProcessMemory or WriteProcessMemory request was completed. (0x12B)
[0705/181542.920:ERROR:process_memory_win.cc(73)] ReadMemory at 0x7a77ffc000 of 16384 bytes failed: Only part of a ReadProcessMemory or WriteProcessMemory request was completed. (0x12B)
[0705/181542.921:ERROR:process_memory_win.cc(73)] ReadMemory at 0x7a797fa000 of 24576 bytes failed: Only part of a ReadProcessMemory or WriteProcessMemory request was completed. (0x12B)
[0705/181542.921:ERROR:process_memory_win.cc(73)] ReadMemory at 0x7a79ffa000 of 24576 bytes failed: Only part of a ReadProcessMemory or WriteProcessMemory request was completed. (0x12B)
[0705/181542.921:ERROR:process_memory_win.cc(73)] ReadMemory at 0x7a7a7fe000 of 8192 bytes failed: Only part of a ReadProcessMemory or WriteProcessMemory request was completed. (0x12B)
[0705/181542.921:ERROR:process_memory_win.cc(73)] ReadMemory at 0x7a7affb000 of 20480 bytes failed: Only part of a ReadProcessMemory or WriteProcessMemory request was completed. (0x12B)
[0705/181542.921:ERROR:process_memory_win.cc(73)] ReadMemory at 0x7a7b7fd000 of 12288 bytes failed: Only part of a ReadProcessMemory or WriteProcessMemory request was completed. (0x12B)
[0705/181542.921:ERROR:process_memory_win.cc(73)] ReadMemory at 0x7a72e64000 of 852 bytes failed: Only part of a ReadProcessMemory or WriteProcessMemory request was completed. (0x12B)
[0705/181542.922:ERROR:process_memory_win.cc(73)] ReadMemory at 0x7a72e65000 of 6024 bytes failed: Only part of a ReadProcessMemory or WriteProcessMemory request was completed. (0x12B)
[0705/181542.922:ERROR:process_memory_win.cc(73)] ReadMemory at 0x7a72e67000 of 6024 bytes failed: Only part of a ReadProcessMemory or WriteProcessMemory request was completed. (0x12B)
[0705/181542.922:ERROR:process_memory_win.cc(73)] ReadMemory at 0x7a72e69000 of 6024 bytes failed: Only part of a ReadProcessMemory or WriteProcessMemory request was completed. (0x12B)
[0705/181542.922:ERROR:process_memory_win.cc(73)] ReadMemory at 0x7a72e6b000 of 6024 bytes failed: Only part of a ReadProcessMemory or WriteProcessMemory request was completed. (0x12B)
[0705/181542.922:ERROR:process_memory_win.cc(73)] ReadMemory at 0x7a72e6d000 of 6024 bytes failed: Only part of a ReadProcessMemory or WriteProcessMemory request was completed. (0x12B)
[0705/181542.922:ERROR:process_memory_win.cc(73)] ReadMemory at 0x7a72e6f000 of 6024 bytes failed: Only part of a ReadProcessMemory or WriteProcessMemory request was completed. (0x12B)
[0705/181542.922:ERROR:process_memory_win.cc(73)] ReadMemory at 0x7a72e71000 of 6024 bytes failed: Only part of a ReadProcessMemory or WriteProcessMemory request was completed. (0x12B)
[0705/181542.923:ERROR:process_memory_win.cc(73)] ReadMemory at 0x7a72e73000 of 6024 bytes failed: Only part of a ReadProcessMemory or WriteProcessMemory request was completed. (0x12B)
[0705/181542.923:ERROR:process_memory_win.cc(73)] ReadMemory at 0x7a72e75000 of 6024 bytes failed: Only part of a ReadProcessMemory or WriteProcessMemory request was completed. (0x12B)
[0705/181542.923:ERROR:process_memory_win.cc(73)] ReadMemory at 0x7a72e79000 of 6024 bytes failed: Only part of a ReadProcessMemory or WriteProcessMemory request was completed. (0x12B)
[0705/181542.923:ERROR:process_memory_win.cc(73)] ReadMemory at 0x7a72e7b000 of 6024 bytes failed: Only part of a ReadProcessMemory or WriteProcessMemory request was completed. (0x12B)
[0705/181542.923:ERROR:process_memory_win.cc(73)] ReadMemory at 0x7a72e7d000 of 6024 bytes failed: Only part of a ReadProcessMemory or WriteProcessMemory request was completed. (0x12B)
[0705/181542.923:ERROR:process_memory_win.cc(73)] ReadMemory at 0x7a72e7f000 of 6024 bytes failed: Only part of a ReadProcessMemory or WriteProcessMemory request was completed. (0x12B)
[0705/181542.923:ERROR:process_memory_win.cc(73)] ReadMemory at 0x7a72e81000 of 6024 bytes failed: Only part of a ReadProcessMemory or WriteProcessMemory request was completed. (0x12B)
[0705/181542.924:ERROR:process_memory_win.cc(73)] ReadMemory at 0x7a72e83000 of 6024 bytes failed: Only part of a ReadProcessMemory or WriteProcessMemory request was completed. (0x12B)
[0705/181542.924:ERROR:process_memory_win.cc(73)] ReadMemory at 0x7a72e85000 of 6024 bytes failed: Only part of a ReadProcessMemory or WriteProcessMemory request was completed. (0x12B)
[0705/181542.924:ERROR:process_memory_win.cc(73)] ReadMemory at 0x7a72e87000 of 6024 bytes failed: Only part of a ReadProcessMemory or WriteProcessMemory request was completed. (0x12B)
[0705/181542.925:ERROR:process_memory_win.cc(73)] ReadMemory at 0x27802470750 of 80 bytes failed: Only part of a ReadProcessMemory or WriteProcessMemory request was completed. (0x12B)
[0705/181542.925:ERROR:process_memory_win.cc(73)] ReadMemory at 0x27802470ad0 of 512 bytes failed: Only part of a ReadProcessMemory or WriteProcessMemory request was completed. (0x12B)
[0705/181542.925:ERROR:process_memory_win.cc(73)] ReadMemory at 0x27802470fe0 of 6162 bytes failed: Only part of a ReadProcessMemory or WriteProcessMemory request was completed. (0x12B)
[0705/181542.926:ERROR:process_memory_win.cc(73)] ReadMemory at 0x27802472800 of 1012 bytes failed: Only part of a ReadProcessMemory or WriteProcessMemory request was completed. (0x12B)
[0705/181542.926:ERROR:process_memory_win.cc(73)] ReadMemory at 0x27802472e48 of 118 bytes failed: Only part of a ReadProcessMemory or WriteProcessMemory request was completed. (0x12B)
[0705/181542.926:ERROR:process_memory_win.cc(73)] ReadMemory at 0x27802472ec0 of 828 bytes failed: Only part of a ReadProcessMemory or WriteProcessMemory request was completed. (0x12B)
[0705/181542.926:ERROR:process_memory_win.cc(73)] ReadMemory at 0x278024731fe of 118 bytes failed: Only part of a ReadProcessMemory or WriteProcessMemory request was completed. (0x12B)
[0705/181542.926:ERROR:process_memory_win.cc(73)] ReadMemory at 0x27802473276 of 30 bytes failed: Only part of a ReadProcessMemory or WriteProcessMemory request was completed. (0x12B)
[0705/181542.926:ERROR:process_memory_win.cc(73)] ReadMemory at 0x278024732a0 of 58 bytes failed: Only part of a ReadProcessMemory or WriteProcessMemory request was completed. (0x12B)
[0705/181542.926:ERROR:process_memory_win.cc(73)] ReadMemory at 0x278024733a0 of 132 bytes failed: Only part of a ReadProcessMemory or WriteProcessMemory request was completed. (0x12B)
[0705/181542.927:ERROR:process_memory_win.cc(73)] ReadMemory at 0x27802473530 of 132 bytes failed: Only part of a ReadProcessMemory or WriteProcessMemory request was completed. (0x12B)
[0705/181542.927:ERROR:process_memory_win.cc(73)] ReadMemory at 0x278024736f0 of 126 bytes failed: Only part of a ReadProcessMemory or WriteProcessMemory request was completed. (0x12B)
[0705/181542.927:ERROR:process_memory_win.cc(73)] ReadMemory at 0x27802473ad0 of 132 bytes failed: Only part of a ReadProcessMemory or WriteProcessMemory request was completed. (0x12B)
[0705/181542.927:ERROR:process_memory_win.cc(73)] ReadMemory at 0x27802473c60 of 64 bytes failed: Only part of a ReadProcessMemory or WriteProcessMemory request was completed. (0x12B)
[0705/181542.927:ERROR:process_memory_win.cc(73)] ReadMemory at 0x27802473e20 of 132 bytes failed: Only part of a ReadProcessMemory or WriteProcessMemory request was completed. (0x12B)
[0705/181542.927:ERROR:process_memory_win.cc(73)] ReadMemory at 0x278024740c0 of 132 bytes failed: Only part of a ReadProcessMemory or WriteProcessMemory request was completed. (0x12B)
[0705/181542.927:ERROR:process_memory_win.cc(73)] ReadMemory at 0x27802474250 of 68 bytes failed: Only part of a ReadProcessMemory or WriteProcessMemory request was completed. (0x12B)
[0705/181542.927:ERROR:process_memory_win.cc(73)] ReadMemory at 0x27802475340 of 132 bytes failed: Only part of a ReadProcessMemory or WriteProcessMemory request was completed. (0x12B)
[0705/181542.928:ERROR:process_memory_win.cc(73)] ReadMemory at 0x278024754d0 of 154 bytes failed: Only part of a ReadProcessMemory or WriteProcessMemory request was completed. (0x12B)
[0705/181542.928:ERROR:process_memory_win.cc(73)] ReadMemory at 0x2780247606c of 512 bytes failed: Only part of a ReadProcessMemory or WriteProcessMemory request was completed. (0x12B)
[0705/181542.928:ERROR:process_memory_win.cc(73)] ReadMemory at 0x278024766c0 of 132 bytes failed: Only part of a ReadProcessMemory or WriteProcessMemory request was completed. (0x12B)
[0705/181542.928:ERROR:process_memory_win.cc(73)] ReadMemory at 0x27802476a10 of 132 bytes failed: Only part of a ReadProcessMemory or WriteProcessMemory request was completed. (0x12B)
[0705/181542.928:ERROR:process_memory_win.cc(73)] ReadMemory at 0x27802477760 of 62 bytes failed: Only part of a ReadProcessMemory or WriteProcessMemory request was completed. (0x12B)
[0705/181542.928:ERROR:process_memory_win.cc(73)] ReadMemory at 0x278024777e0 of 146 bytes failed: Only part of a ReadProcessMemory or WriteProcessMemory request was completed. (0x12B)
[0705/181542.928:ERROR:process_memory_win.cc(73)] ReadMemory at 0x278024778c0 of 132 bytes failed: Only part of a ReadProcessMemory or WriteProcessMemory request was completed. (0x12B)
[0705/181542.929:ERROR:process_memory_win.cc(73)] ReadMemory at 0x27802477a50 of 60 bytes failed: Only part of a ReadProcessMemory or WriteProcessMemory request was completed. (0x12B)
[0705/181542.929:ERROR:process_memory_win.cc(73)] ReadMemory at 0x27802477dd0 of 132 bytes failed: Only part of a ReadProcessMemory or WriteProcessMemory request was completed. (0x12B)
[0705/181542.929:ERROR:process_memory_win.cc(73)] ReadMemory at 0x27802477fe0 of 132 bytes failed: Only part of a ReadProcessMemory or WriteProcessMemory request was completed. (0x12B)
[0705/181542.929:ERROR:process_memory_win.cc(73)] ReadMemory at 0x27802478090 of 512 bytes failed: Only part of a ReadProcessMemory or WriteProcessMemory request was completed. (0x12B)
[0705/181542.929:ERROR:process_memory_win.cc(73)] ReadMemory at 0x27802478640 of 132 bytes failed: Only part of a ReadProcessMemory or WriteProcessMemory request was completed. (0x12B)
[0705/181542.929:ERROR:process_memory_win.cc(73)] ReadMemory at 0x2780247b540 of 60 bytes failed: Only part of a ReadProcessMemory or WriteProcessMemory request was completed. (0x12B)
[0705/181542.929:ERROR:process_memory_win.cc(73)] ReadMemory at 0x2780247b720 of 62 bytes failed: Only part of a ReadProcessMemory or WriteProcessMemory request was completed. (0x12B)
[0705/181542.929:ERROR:process_memory_win.cc(73)] ReadMemory at 0x2780247b950 of 64 bytes failed: Only part of a ReadProcessMemory or WriteProcessMemory request was completed. (0x12B)
[0705/181542.929:ERROR:process_memory_win.cc(73)] ReadMemory at 0x2780247b9a0 of 66 bytes failed: Only part of a ReadProcessMemory or WriteProcessMemory request was completed. (0x12B)
[0705/181542.930:ERROR:process_memory_win.cc(73)] ReadMemory at 0x2780247b9f0 of 64 bytes failed: Only part of a ReadProcessMemory or WriteProcessMemory request was completed. (0x12B)
[0705/181542.930:ERROR:process_memory_win.cc(73)] ReadMemory at 0x2780247ba40 of 60 bytes failed: Only part of a ReadProcessMemory or WriteProcessMemory request was completed. (0x12B)
[0705/181542.930:ERROR:process_memory_win.cc(73)] ReadMemory at 0x2780247ba90 of 64 bytes failed: Only part of a ReadProcessMemory or WriteProcessMemory request was completed. (0x12B)
[0705/181542.930:ERROR:process_memory_win.cc(73)] ReadMemory at 0x2780247bb30 of 62 bytes failed: Only part of a ReadProcessMemory or WriteProcessMemory request was completed. (0x12B)
[0705/181542.930:ERROR:process_memory_win.cc(73)] ReadMemory at 0x2780247bb80 of 64 bytes failed: Only part of a ReadProcessMemory or WriteProcessMemory request was completed. (0x12B)
[0705/181542.930:ERROR:process_memory_win.cc(73)] ReadMemory at 0x2780247c590 of 80 bytes failed: Only part of a ReadProcessMemory or WriteProcessMemory request was completed. (0x12B)
[0705/181542.930:ERROR:process_memory_win.cc(73)] ReadMemory at 0x2780247c710 of 78 bytes failed: Only part of a ReadProcessMemory or WriteProcessMemory request was completed. (0x12B)
[0705/181542.930:ERROR:process_memory_win.cc(73)] ReadMemory at 0x2780247c9b0 of 76 bytes failed: Only part of a ReadProcessMemory or WriteProcessMemory request was completed. (0x12B)
[0705/181542.930:ERROR:process_memory_win.cc(73)] ReadMemory at 0x2780247eac0 of 54 bytes failed: Only part of a ReadProcessMemory or WriteProcessMemory request was completed. (0x12B)
[0705/181542.930:ERROR:process_memory_win.cc(73)] ReadMemory at 0x2780247fe40 of 132 bytes failed: Only part of a ReadProcessMemory or WriteProcessMemory request was completed. (0x12B)
[0705/181542.931:ERROR:process_memory_win.cc(73)] ReadMemory at 0x278024809e0 of 132 bytes failed: Only part of a ReadProcessMemory or WriteProcessMemory request was completed. (0x12B)
[0705/181542.931:ERROR:process_memory_win.cc(73)] ReadMemory at 0x27802480c00 of 132 bytes failed: Only part of a ReadProcessMemory or WriteProcessMemory request was completed. (0x12B)
[0705/181542.931:ERROR:process_memory_win.cc(73)] ReadMemory at 0x27802481190 of 132 bytes failed: Only part of a ReadProcessMemory or WriteProcessMemory request was completed. (0x12B)
[0705/181542.931:ERROR:process_memory_win.cc(73)] ReadMemory at 0x278024828e0 of 132 bytes failed: Only part of a ReadProcessMemory or WriteProcessMemory request was completed. (0x12B)
[0705/181542.931:ERROR:process_memory_win.cc(73)] ReadMemory at 0x27802484fe0 of 132 bytes failed: Only part of a ReadProcessMemory or WriteProcessMemory request was completed. (0x12B)
[0705/181542.931:ERROR:process_memory_win.cc(73)] ReadMemory at 0x27802485110 of 132 bytes failed: Only part of a ReadProcessMemory or WriteProcessMemory request was completed. (0x12B)
[0705/181542.931:ERROR:process_memory_win.cc(73)] ReadMemory at 0x27802485240 of 132 bytes failed: Only part of a ReadProcessMemory or WriteProcessMemory request was completed. (0x12B)
[0705/181542.931:ERROR:process_memory_win.cc(73)] ReadMemory at 0x27802485370 of 132 bytes failed: Only part of a ReadProcessMemory or WriteProcessMemory request was completed. (0x12B)
[0705/181542.931:ERROR:process_memory_win.cc(73)] ReadMemory at 0x278024854a0 of 132 bytes failed: Only part of a ReadProcessMemory or WriteProcessMemory request was completed. (0x12B)
[0705/181542.932:ERROR:process_memory_win.cc(73)] ReadMemory at 0x278024855d0 of 132 bytes failed: Only part of a ReadProcessMemory or WriteProcessMemory request was completed. (0x12B)
[0705/181542.932:ERROR:process_memory_win.cc(73)] ReadMemory at 0x27802485700 of 132 bytes failed: Only part of a ReadProcessMemory or WriteProcessMemory request was completed. (0x12B)
[0705/181542.932:ERROR:process_memory_win.cc(73)] ReadMemory at 0x27802485830 of 132 bytes failed: Only part of a ReadProcessMemory or WriteProcessMemory request was completed. (0x12B)
[0705/181542.932:ERROR:process_memory_win.cc(73)] ReadMemory at 0x27802485960 of 132 bytes failed: Only part of a ReadProcessMemory or WriteProcessMemory request was completed. (0x12B)
[0705/181542.932:ERROR:process_memory_win.cc(73)] ReadMemory at 0x27802485a90 of 132 bytes failed: Only part of a ReadProcessMemory or WriteProcessMemory request was completed. (0x12B)
[0705/181542.932:ERROR:process_memory_win.cc(73)] ReadMemory at 0x27802485bc0 of 132 bytes failed: Only part of a ReadProcessMemory or WriteProcessMemory request was completed. (0x12B)
[0705/181542.932:ERROR:process_memory_win.cc(73)] ReadMemory at 0x27802485cf0 of 132 bytes failed: Only part of a ReadProcessMemory or WriteProcessMemory request was completed. (0x12B)
[0705/181542.932:ERROR:process_memory_win.cc(73)] ReadMemory at 0x27802486040 of 62 bytes failed: Only part of a ReadProcessMemory or WriteProcessMemory request was completed. (0x12B)
[0705/181542.933:ERROR:process_memory_win.cc(73)] ReadMemory at 0x27802486090 of 62 bytes failed: Only part of a ReadProcessMemory or WriteProcessMemory request was completed. (0x12B)
[0705/181542.933:ERROR:process_memory_win.cc(73)] ReadMemory at 0x278024860e0 of 64 bytes failed: Only part of a ReadProcessMemory or WriteProcessMemory request was completed. (0x12B)
[0705/181542.933:ERROR:process_memory_win.cc(73)] ReadMemory at 0x27802486130 of 64 bytes failed: Only part of a ReadProcessMemory or WriteProcessMemory request was completed. (0x12B)
[0705/181542.933:ERROR:process_memory_win.cc(73)] ReadMemory at 0x278024861d0 of 60 bytes failed: Only part of a ReadProcessMemory or WriteProcessMemory request was completed. (0x12B)
[0705/181542.933:ERROR:process_memory_win.cc(73)] ReadMemory at 0x27802486220 of 62 bytes failed: Only part of a ReadProcessMemory or WriteProcessMemory request was completed. (0x12B)
[0705/181542.933:ERROR:process_memory_win.cc(73)] ReadMemory at 0x27802486590 of 62 bytes failed: Only part of a ReadProcessMemory or WriteProcessMemory request was completed. (0x12B)
[0705/181542.934:ERROR:process_memory_win.cc(73)] ReadMemory at 0x278024865e0 of 60 bytes failed: Only part of a ReadProcessMemory or WriteProcessMemory request was completed. (0x12B)
[0705/181542.934:ERROR:process_memory_win.cc(73)] ReadMemory at 0x27802486630 of 62 bytes failed: Only part of a ReadProcessMemory or WriteProcessMemory request was completed. (0x12B)
[0705/181542.934:ERROR:process_memory_win.cc(73)] ReadMemory at 0x27802486900 of 66 bytes failed: Only part of a ReadProcessMemory or WriteProcessMemory request was completed. (0x12B)
[0705/181542.934:ERROR:process_memory_win.cc(73)] ReadMemory at 0x27802486a40 of 62 bytes failed: Only part of a ReadProcessMemory or WriteProcessMemory request was completed. (0x12B)
[0705/181542.935:ERROR:process_memory_win.cc(73)] ReadMemory at 0x27802486a90 of 64 bytes failed: Only part of a ReadProcessMemory or WriteProcessMemory request was completed. (0x12B)
[0705/181542.935:ERROR:process_memory_win.cc(73)] ReadMemory at 0x27802486ae0 of 62 bytes failed: Only part of a ReadProcessMemory or WriteProcessMemory request was completed. (0x12B)
[0705/181542.935:ERROR:process_memory_win.cc(73)] ReadMemory at 0x27802486b30 of 60 bytes failed: Only part of a ReadProcessMemory or WriteProcessMemory request was completed. (0x12B)
[0705/181542.935:ERROR:process_memory_win.cc(73)] ReadMemory at 0x27802486bd0 of 60 bytes failed: Only part of a ReadProcessMemory or WriteProcessMemory request was completed. (0x12B)
[0705/181542.935:ERROR:process_memory_win.cc(73)] ReadMemory at 0x27802486db0 of 58 bytes failed: Only part of a ReadProcessMemory or WriteProcessMemory request was completed. (0x12B)
[0705/181542.936:ERROR:process_memory_win.cc(73)] ReadMemory at 0x27802486ea0 of 62 bytes failed: Only part of a ReadProcessMemory or WriteProcessMemory request was completed. (0x12B)
[0705/181542.936:ERROR:process_memory_win.cc(73)] ReadMemory at 0x27802486ef0 of 64 bytes failed: Only part of a ReadProcessMemory or WriteProcessMemory request was completed. (0x12B)
[0705/181542.936:ERROR:process_memory_win.cc(73)] ReadMemory at 0x27802486fb0 of 132 bytes failed: Only part of a ReadProcessMemory or WriteProcessMemory request was completed. (0x12B)
[0705/181542.936:ERROR:process_memory_win.cc(73)] ReadMemory at 0x278024870e0 of 132 bytes failed: Only part of a ReadProcessMemory or WriteProcessMemory request was completed. (0x12B)
[0705/181542.936:ERROR:process_memory_win.cc(73)] ReadMemory at 0x27802487210 of 132 bytes failed: Only part of a ReadProcessMemory or WriteProcessMemory request was completed. (0x12B)
[0705/181542.936:ERROR:process_memory_win.cc(73)] ReadMemory at 0x27802487470 of 132 bytes failed: Only part of a ReadProcessMemory or WriteProcessMemory request was completed. (0x12B)
[0705/181542.937:ERROR:process_memory_win.cc(73)] ReadMemory at 0x278024875a0 of 132 bytes failed: Only part of a ReadProcessMemory or WriteProcessMemory request was completed. (0x12B)
[0705/181542.937:ERROR:process_memory_win.cc(73)] ReadMemory at 0x278024876d0 of 132 bytes failed: Only part of a ReadProcessMemory or WriteProcessMemory request was completed. (0x12B)
[0705/181542.937:ERROR:process_memory_win.cc(73)] ReadMemory at 0x27802487800 of 132 bytes failed: Only part of a ReadProcessMemory or WriteProcessMemory request was completed. (0x12B)
[0705/181542.937:ERROR:process_memory_win.cc(73)] ReadMemory at 0x27802487930 of 132 bytes failed: Only part of a ReadProcessMemory or WriteProcessMemory request was completed. (0x12B)
[0705/181542.937:ERROR:process_memory_win.cc(73)] ReadMemory at 0x27802487cc0 of 132 bytes failed: Only part of a ReadProcessMemory or WriteProcessMemory request was completed. (0x12B)
[0705/181542.937:ERROR:process_memory_win.cc(73)] ReadMemory at 0x27802487df0 of 132 bytes failed: Only part of a ReadProcessMemory or WriteProcessMemory request was completed. (0x12B)
[0705/181542.937:ERROR:process_memory_win.cc(73)] ReadMemory at 0x27802487f20 of 132 bytes failed: Only part of a ReadProcessMemory or WriteProcessMemory request was completed. (0x12B)
[0705/181542.938:ERROR:process_memory_win.cc(73)] ReadMemory at 0x27802488050 of 132 bytes failed: Only part of a ReadProcessMemory or WriteProcessMemory request was completed. (0x12B)
[0705/181542.938:ERROR:process_memory_win.cc(73)] ReadMemory at 0x27802488180 of 132 bytes failed: Only part of a ReadProcessMemory or WriteProcessMemory request was completed. (0x12B)
[0705/181542.938:ERROR:process_memory_win.cc(73)] ReadMemory at 0x278024882b0 of 132 bytes failed: Only part of a ReadProcessMemory or WriteProcessMemory request was completed. (0x12B)
[0705/181542.938:ERROR:process_memory_win.cc(73)] ReadMemory at 0x278024883e0 of 132 bytes failed: Only part of a ReadProcessMemory or WriteProcessMemory request was completed. (0x12B)
[0705/181542.938:ERROR:process_memory_win.cc(73)] ReadMemory at 0x27802488510 of 132 bytes failed: Only part of a ReadProcessMemory or WriteProcessMemory request was completed. (0x12B)
[0705/181542.938:ERROR:process_memory_win.cc(73)] ReadMemory at 0x27802488640 of 132 bytes failed: Only part of a ReadProcessMemory or WriteProcessMemory request was completed. (0x12B)
[0705/181542.939:ERROR:process_memory_win.cc(73)] ReadMemory at 0x27802488770 of 132 bytes failed: Only part of a ReadProcessMemory or WriteProcessMemory request was completed. (0x12B)
[0705/181542.939:ERROR:process_memory_win.cc(73)] ReadMemory at 0x278024888a0 of 132 bytes failed: Only part of a ReadProcessMemory or WriteProcessMemory request was completed. (0x12B)
[0705/181542.939:ERROR:process_memory_win.cc(73)] ReadMemory at 0x278024889d0 of 132 bytes failed: Only part of a ReadProcessMemory or WriteProcessMemory request was completed. (0x12B)
[0705/181542.939:ERROR:process_memory_win.cc(73)] ReadMemory at 0x27802488b00 of 132 bytes failed: Only part of a ReadProcessMemory or WriteProcessMemory request was completed. (0x12B)
[0705/181542.939:ERROR:process_memory_win.cc(73)] ReadMemory at 0x27802488c30 of 132 bytes failed: Only part of a ReadProcessMemory or WriteProcessMemory request was completed. (0x12B)
[0705/181542.939:ERROR:process_memory_win.cc(73)] ReadMemory at 0x27802488d60 of 132 bytes failed: Only part of a ReadProcessMemory or WriteProcessMemory request was completed. (0x12B)
[0705/181542.939:ERROR:process_memory_win.cc(73)] ReadMemory at 0x2780249aef0 of 66 bytes failed: Only part of a ReadProcessMemory or WriteProcessMemory request was completed. (0x12B)
[0705/181542.939:ERROR:process_memory_win.cc(73)] ReadMemory at 0x2780249afe0 of 60 bytes failed: Only part of a ReadProcessMemory or WriteProcessMemory request was completed. (0x12B)
[0705/181542.940:ERROR:process_memory_win.cc(73)] ReadMemory at 0x2780249b120 of 60 bytes failed: Only part of a ReadProcessMemory or WriteProcessMemory request was completed. (0x12B)
[0705/181542.941:ERROR:process_memory_win.cc(73)] ReadMemory at 0x2780249b248 of 512 bytes failed: Only part of a ReadProcessMemory or WriteProcessMemory request was completed. (0x12B)
[0705/181542.941:ERROR:process_memory_win.cc(73)] ReadMemory at 0x2780249b5d0 of 60 bytes failed: Only part of a ReadProcessMemory or WriteProcessMemory request was completed. (0x12B)
[0705/181542.942:ERROR:process_memory_win.cc(73)] ReadMemory at 0x2780249b620 of 58 bytes failed: Only part of a ReadProcessMemory or WriteProcessMemory request was completed. (0x12B)
[0705/181542.942:ERROR:process_memory_win.cc(73)] ReadMemory at 0x2780249b760 of 64 bytes failed: Only part of a ReadProcessMemory or WriteProcessMemory request was completed. (0x12B)
[0705/181542.942:ERROR:process_memory_win.cc(73)] ReadMemory at 0x2780249b800 of 58 bytes failed: Only part of a ReadProcessMemory or WriteProcessMemory request was completed. (0x12B)
[0705/181542.942:ERROR:process_memory_win.cc(73)] ReadMemory at 0x2780249b8a0 of 58 bytes failed: Only part of a ReadProcessMemory or WriteProcessMemory request was completed. (0x12B)
[0705/181542.942:ERROR:process_memory_win.cc(73)] ReadMemory at 0x2780249bb20 of 66 bytes failed: Only part of a ReadProcessMemory or WriteProcessMemory request was completed. (0x12B)
[0705/181542.942:ERROR:process_memory_win.cc(73)] ReadMemory at 0x2780249bcb0 of 62 bytes failed: Only part of a ReadProcessMemory or WriteProcessMemory request was completed. (0x12B)
[0705/181542.942:ERROR:process_memory_win.cc(73)] ReadMemory at 0x278024a0cc0 of 512 bytes failed: Only part of a ReadProcessMemory or WriteProcessMemory request was completed. (0x12B)
[0705/181542.943:ERROR:process_memory_win.cc(73)] ReadMemory at 0x278024a32a0 of 512 bytes failed: Only part of a ReadProcessMemory or WriteProcessMemory request was completed. (0x12B)
[0705/181542.943:ERROR:process_memory_win.cc(73)] ReadMemory at 0x278024a5d70 of 512 bytes failed: Only part of a ReadProcessMemory or WriteProcessMemory request was completed. (0x12B)
[0705/181542.943:ERROR:process_memory_win.cc(73)] ReadMemory at 0x278024a60f0 of 512 bytes failed: Only part of a ReadProcessMemory or WriteProcessMemory request was completed. (0x12B)
[0705/181542.943:ERROR:process_memory_win.cc(73)] ReadMemory at 0x278024aca50 of 512 bytes failed: Only part of a ReadProcessMemory or WriteProcessMemory request was completed. (0x12B)
[0705/181542.943:ERROR:process_memory_win.cc(73)] ReadMemory at 0x278024b5360 of 512 bytes failed: Only part of a ReadProcessMemory or WriteProcessMemory request was completed. (0x12B)
[0705/181542.943:ERROR:process_memory_win.cc(73)] ReadMemory at 0x278024b56e0 of 512 bytes failed: Only part of a ReadProcessMemory or WriteProcessMemory request was completed. (0x12B)
[0705/181542.943:ERROR:process_memory_win.cc(73)] ReadMemory at 0x278024d8c00 of 132 bytes failed: Only part of a ReadProcessMemory or WriteProcessMemory request was completed. (0x12B)
[0705/181542.943:ERROR:process_memory_win.cc(73)] ReadMemory at 0x278024d8d30 of 132 bytes failed: Only part of a ReadProcessMemory or WriteProcessMemory request was completed. (0x12B)
[0705/181542.944:ERROR:process_memory_win.cc(73)] ReadMemory at 0x278024d91f0 of 132 bytes failed: Only part of a ReadProcessMemory or WriteProcessMemory request was completed. (0x12B)
[0705/181542.944:ERROR:process_memory_win.cc(73)] ReadMemory at 0x278024d9320 of 132 bytes failed: Only part of a ReadProcessMemory or WriteProcessMemory request was completed. (0x12B)
[0705/181542.944:ERROR:process_memory_win.cc(73)] ReadMemory at 0x278024d9ca0 of 132 bytes failed: Only part of a ReadProcessMemory or WriteProcessMemory request was completed. (0x12B)
[0705/181542.944:ERROR:process_memory_win.cc(73)] ReadMemory at 0x278024d9dd0 of 132 bytes failed: Only part of a ReadProcessMemory or WriteProcessMemory request was completed. (0x12B)
[0705/181542.944:ERROR:process_memory_win.cc(73)] ReadMemory at 0x278024da4f0 of 132 bytes failed: Only part of a ReadProcessMemory or WriteProcessMemory request was completed. (0x12B)
[0705/181542.944:ERROR:process_memory_win.cc(73)] ReadMemory at 0x278024da620 of 132 bytes failed: Only part of a ReadProcessMemory or WriteProcessMemory request was completed. (0x12B)
[0705/181542.944:ERROR:process_memory_win.cc(73)] ReadMemory at 0x278024daf40 of 62 bytes failed: Only part of a ReadProcessMemory or WriteProcessMemory request was completed. (0x12B)
[0705/181542.944:ERROR:process_memory_win.cc(73)] ReadMemory at 0x278024dafe0 of 64 bytes failed: Only part of a ReadProcessMemory or WriteProcessMemory request was completed. (0x12B)
[0705/181542.945:ERROR:process_memory_win.cc(73)] ReadMemory at 0x278024db2b0 of 60 bytes failed: Only part of a ReadProcessMemory or WriteProcessMemory request was completed. (0x12B)
[0705/181542.945:ERROR:process_memory_win.cc(73)] ReadMemory at 0x278024db3f0 of 64 bytes failed: Only part of a ReadProcessMemory or WriteProcessMemory request was completed. (0x12B)
[0705/181542.945:ERROR:process_memory_win.cc(73)] ReadMemory at 0x278024db850 of 66 bytes failed: Only part of a ReadProcessMemory or WriteProcessMemory request was completed. (0x12B)
[0705/181542.945:ERROR:process_memory_win.cc(73)] ReadMemory at 0x278025102e0 of 808 bytes failed: Only part of a ReadProcessMemory or WriteProcessMemory request was completed. (0x12B)
[0705/181542.945:ERROR:process_memory_win.cc(73)] ReadMemory at 0x278025144f0 of 512 bytes failed: Only part of a ReadProcessMemory or WriteProcessMemory request was completed. (0x12B)
[0705/181542.946:ERROR:process_memory_win.cc(73)] ReadMemory at 0x27802519b10 of 512 bytes failed: Only part of a ReadProcessMemory or WriteProcessMemory request was completed. (0x12B)
[0705/181542.946:ERROR:process_memory_win.cc(73)] ReadMemory at 0x2780253e790 of 60 bytes failed: Only part of a ReadProcessMemory or WriteProcessMemory request was completed. (0x12B)
[0705/181542.946:ERROR:process_memory_win.cc(73)] ReadMemory at 0x2780256bf08 of 512 bytes failed: Only part of a ReadProcessMemory or WriteProcessMemory request was completed. (0x12B)
[0705/181542.946:ERROR:process_memory_win.cc(73)] ReadMemory at 0x2780256d090 of 58 bytes failed: Only part of a ReadProcessMemory or WriteProcessMemory request was completed. (0x12B)
[0705/181542.946:ERROR:process_memory_win.cc(73)] ReadMemory at 0x27802641480 of 512 bytes failed: Only part of a ReadProcessMemory or WriteProcessMemory request was completed. (0x12B)
[0705/181542.946:ERROR:process_memory_win.cc(73)] ReadMemory at 0x27802c10790 of 512 bytes failed: Only part of a ReadProcessMemory or WriteProcessMemory request was completed. (0x12B)
[0705/181542.947:ERROR:process_memory_win.cc(73)] ReadMemory at 0x27802c5bf70 of 512 bytes failed: Only part of a ReadProcessMemory or WriteProcessMemory request was completed. (0x12B)
[0705/181542.947:ERROR:process_memory_win.cc(73)] ReadMemory at 0x27802ce9410 of 512 bytes failed: Only part of a ReadProcessMemory or WriteProcessMemory request was completed. (0x12B)
[0705/181542.947:ERROR:process_memory_win.cc(73)] ReadMemory at 0x2780591e358 of 512 bytes failed: Only part of a ReadProcessMemory or WriteProcessMemory request was completed. (0x12B)
[0705/181542.947:ERROR:process_memory_win.cc(73)] ReadMemory at 0x27805bc3d10 of 512 bytes failed: Only part of a ReadProcessMemory or WriteProcessMemory request was completed. (0x12B)
[0705/181542.947:ERROR:process_memory_win.cc(73)] ReadMemory at 0x27805beb420 of 512 bytes failed: Only part of a ReadProcessMemory or WriteProcessMemory request was completed. (0x12B)
[0705/181542.947:ERROR:process_memory_win.cc(73)] ReadMemory at 0x7ffa37e1399e of 512 bytes failed: Only part of a ReadProcessMemory or WriteProcessMemory request was completed. (0x12B)
[0705/181542.947:ERROR:process_memory_win.cc(73)] ReadMemory at 0x7ffa3a168cfc of 512 bytes failed: Only part of a ReadProcessMemory or WriteProcessMemory request was completed. (0x12B)
[0705/181542.948:ERROR:process_memory_win.cc(73)] ReadMemory at 0x7ffa3e6abca8 of 512 bytes failed: Only part of a ReadProcessMemory or WriteProcessMemory request was completed. (0x12B)
[0705/181542.948:ERROR:process_memory_win.cc(73)] ReadMemory at 0x7ffa3f1cd5a0 of 512 bytes failed: Only part of a ReadProcessMemory or WriteProcessMemory request was completed. (0x12B)
[0705/181542.948:ERROR:process_memory_win.cc(73)] ReadMemory at 0x7ffa3f2ea568 of 512 bytes failed: Only part of a ReadProcessMemory or WriteProcessMemory request was completed. (0x12B)
[0705/181542.948:ERROR:process_memory_win.cc(73)] ReadMemory at 0x7ffa9afd0000 of 384 bytes failed: Only part of a ReadProcessMemory or WriteProcessMemory request was completed. (0x12B)
[0705/181542.948:ERROR:process_memory_win.cc(73)] ReadMemory at 0x7ffa9bafc6e0 of 512 bytes failed: Only part of a ReadProcessMemory or WriteProcessMemory request was completed. (0x12B)
[0705/181542.948:ERROR:process_memory_win.cc(73)] ReadMemory at 0x7ffa9d74fc24 of 512 bytes failed: Only part of a ReadProcessMemory or WriteProcessMemory request was completed. (0x12B)
[0705/181542.948:ERROR:process_memory_win.cc(73)] ReadMemory at 0x7ffa9e99c074 of 672 bytes failed: Only part of a ReadProcessMemory or WriteProcessMemory request was completed. (0x12B)
[0705/181542.948:ERROR:process_memory_win.cc(73)] ReadMemory at 0x7ffa9e99c674 of 512 bytes failed: Only part of a ReadProcessMemory or WriteProcessMemory request was completed. (0x12B)
[0705/181542.949:ERROR:process_memory_win.cc(73)] ReadMemory at 0x7ffa9e99cb44 of 512 bytes failed: Only part of a ReadProcessMemory or WriteProcessMemory request was completed. (0x12B)
[0705/181542.949:ERROR:process_memory_win.cc(73)] ReadMemory at 0x7ffa9e99d124 of 512 bytes failed: Only part of a ReadProcessMemory or WriteProcessMemory request was completed. (0x12B)
[0705/181542.950:ERROR:process_memory_win.cc(73)] ReadMemory at 0x7ffa9e99f984 of 512 bytes failed: Only part of a ReadProcessMemory or WriteProcessMemory request was completed. (0x12B)
[0705/181542.950:ERROR:process_memory_win.cc(73)] ReadMemory at 0x7ffa9ea2c428 of 18 bytes failed: Only part of a ReadProcessMemory or WriteProcessMemory request was completed. (0x12B)
[0705/181542.950:ERROR:process_memory_win.cc(73)] ReadMemory at 0x7ffa9ea5f4f8 of 40 bytes failed: Only part of a ReadProcessMemory or WriteProcessMemory request was completed. (0x12B)
[0705/181542.950:ERROR:process_memory_win.cc(73)] ReadMemory at 0x7ffa9ea5f978 of 48 bytes failed: Only part of a ReadProcessMemory or WriteProcessMemory request was completed. (0x12B)
[0705/181542.950:ERROR:process_memory_win.cc(73)] ReadMemory at 0x7ffa9ea653c0 of 64 bytes failed: Only part of a ReadProcessMemory or WriteProcessMemory request was completed. (0x12B)
[0705/181542.952:ERROR:scoped_process_suspend.cc(40)] NtResumeProcess: An attempt was made to access an exiting process. (0xc000010a)
[0705/183339.918:ERROR:process_reader_win.cc(151)] SuspendThread: Access is denied. (0x5)
[0705/183339.922:ERROR:exception_snapshot_win.cc(98)] thread ID 17432 not found in process
[0705/183339.922:ERROR:scoped_process_suspend.cc(40)] NtResumeProcess: An attempt was made to access an exiting process. (0xc000010a)
[0706/100721.983:ERROR:process_reader_win.cc(151)] SuspendThread: Access is denied. (0x5)
[0706/100722.034:ERROR:exception_snapshot_win.cc(98)] thread ID 6284 not found in process
[0706/100722.034:ERROR:scoped_process_suspend.cc(40)] NtResumeProcess: An attempt was made to access an exiting process. (0xc000010a)
